{
  "uid" : "6df86a5b27c12f9c",
  "name" : "进行中的发放规则能否编辑或者删除",
  "fullName" : "sc.coupons.test_coupons.Test_coupons#test_doubleadd",
  "historyId" : "d9c9d06182fd50e65f2ab547c1e8b945",
  "time" : {
    "start" : 1646128866184,
    "stop" : 1646128886223,
    "duration" : 20039
  },
  "description" : "\n        进行中的发放规则能否编辑或者删除\n        :return:\n        ",
  "descriptionHtml" : "<pre><code>    进行中的发放规则能否编辑或者删除\n    :return:\n</code></pre>\n",
  "status" : "broken",
  "statusMessage" : "selenium.common.exceptions.NoSuchElementException: Message: no such element: Unable to locate element: {\"method\":\"xpath\",\"selector\":\"//*[@id=\"app\"]/div/div[2]/section/div/div[2]/div[3]/table/tbody/tr[1]/td[9]/div/button[2]/span\"}\n  (Session info: MicrosoftEdge=98.0.1108.62)\nStacktrace:\nBacktrace:\n\tMicrosoft::Applications::Events::EventProperties::unpack [0x00007FF77B173382+22610]\n\tMicrosoft::Applications::Events::time_ticks_t::time_ticks_t [0x00007FF77B0B1C52+503778]\n\tOrdinal0 [0x00007FF77ABB0FA5+659365]\n\tOrdinal0 [0x00007FF77ABEBD52+900434]\n\tOrdinal0 [0x00007FF77ABEC028+901160]\n\tOrdinal0 [0x00007FF77AC1DBC7+1104839]\n\tOrdinal0 [0x00007FF77AC0701F+1011743]\n\tOrdinal0 [0x00007FF77AC1B2C4+1094340]\n\tOrdinal0 [0x00007FF77AC06DF3+1011187]\n\tOrdinal0 [0x00007FF77ABDDE97+843415]\n\tOrdinal0 [0x00007FF77ABDF368+848744]\n\tMicrosoft::Applications::Events::EventProperty::to_string [0x00007FF77AD78BC8+848072]\n\tMicrosoft::Applications::Events::EventProperty::EventProperty [0x00007FF77AE6AB9D+39117]\n\tMicrosoft::Applications::Events::EventProperty::EventProperty [0x00007FF77AE6DE12+52034]\n\tMicrosoft::Applications::Events::EventProperty::to_string [0x00007FF77ACB0906+28166]\n\tMicrosoft::Applications::Events::time_ticks_t::time_ticks_t [0x00007FF77B0B88E1+531569]\n\tMicrosoft::Applications::Events::time_ticks_t::time_ticks_t [0x00007FF77B0BDDC4+553300]\n\tMicrosoft::Applications::Events::time_ticks_t::time_ticks_t [0x00007FF77B0BDF55+553701]\n\tMicrosoft::Applications::Events::EventProperty::to_string [0x00007FF77AD86650+904016]\n\tBaseThreadInitThunk [0x00007FFE34407034+20]\n\tRtlUserThreadStart [0x00007FFE34C02651+33]",
  "statusTrace" : "self = <Suites.sc.coupons.test_coupons.Test_coupons object at 0x00000211FF3266A0>\n\n    @allure.epic('后台商城系统')\n    @allure.feature('发放规则模块')\n    @allure.story(\"发放规则的状态测试\")\n    @allure.title('进行中的发放规则能否编辑或者删除')\n    @pytest.mark.flaky(reruns=1, reruns_dalay=2)\n    @allure.severity(allure.severity_level.CRITICAL)\n    def test_doubleadd(self):\n        '''\n        进行中的发放规则能否编辑或者删除\n        :return:\n        '''\n        with allure.step('建立一条状态为进行中的发放规则'):\n            with allure.step(\"点击新增规则按钮\"):\n                self.click('//*[@id=\"app\"]/div/div[2]/section/div/div[1]/button/span')\n    \n                # 规则名称输入\n                self.click('//*[@id=\"app\"]/div/div[2]/section/div/div[1]/div[2]/form/div[1]/div/div[1]/input')\n                self.input('//*[@id=\"app\"]/div/div[2]/section/div/div[1]/div[2]/form/div[1]/div/div[1]/input', '自动化测试')\n                # 输入规则描述\n                self.click('//*[@id=\"app\"]/div/div[2]/section/div/div[1]/div[2]/form/div[2]/div/div[1]/input')\n                self.input('//*[@id=\"app\"]/div/div[2]/section/div/div[1]/div[2]/form/div[2]/div/div[1]/input', '自动化测试')\n                # 选择关联店铺\n                self.click('//*[@id=\"app\"]/div/div[2]/section/div/div[1]/div[2]/form/div[3]/div/div/div/input')\n                self.click('/html/body/div[2]/div[1]/div[1]/ul/li[2]')\n                # 手动输入开始时间\n                self.click('//*[@id=\"app\"]/div/div[2]/section/div/div[1]/div[2]/form/div[4]/div/div/input[1]')\n                ry2 = datetime.datetime.now().strftime('%Y-%m-%d %H:%M:%S')\n                self.input('//*[@id=\"app\"]/div/div[2]/section/div/div[1]/div[2]/form/div[4]/div/div/input[1]', ry2)\n                # 输入结束时间为2200-12-12 00:00:00\n                self.click('//*[@id=\"app\"]/div/div[2]/section/div/div[1]/div[2]/form/div[4]/div/div/input[2]')\n                self.input('//*[@id=\"app\"]/div/div[2]/section/div/div[1]/div[2]/form/div[4]/div/div/input[2]'\n                           , '2200-12-12 00:00:00')\n                time.sleep(1)\n                self.click('//*[@id=\"app\"]/div/div[2]/section/div/div[1]/div[2]/form/div[2]/div/div[1]/input')\n    \n                # 选择规则类型\n                self.click('//*[@id=\"pane-0\"]/form/div[1]/div/div/div[1]/input')\n                self.click('/html/body/div[4]/div[1]/div[1]/ul/li[1]/span')\n                # 选择商品\n                self.click('//*[@id=\"pane-0\"]/form/div[2]/div/button/span')\n                element2 = self.driver.find_element(By.XPATH,\n                                                    '/html/body/div[5]/div/div[2]/div/div[3]/table/tbody/tr[1]/td[2]/div')\n                ActionChains(self.driver).move_to_element(element2).perform()\n                ActionChains(self.driver).click(element2).perform()\n                self.click('/html/body/div[5]/div/div[3]/div/div/div/button[2]')\n    \n                # 选择优惠券\n                self.click('//*[@id=\"app\"]/div/div[2]/section/div/div[3]/div[2]/form/div/div/button/span')\n                element1 = self.driver.find_element(By.XPATH,\n                                                    '/html/body/div[6]/div/div[2]/div[1]/div[3]/table/tbody/tr[1]/td[2]/div')\n                ActionChains(self.driver).move_to_element(element1).perform()\n                ActionChains(self.driver).click(element1).perform()\n                self.click('/html/body/div[6]/div/div[3]/div/div/div/button[2]/span')\n                time.sleep(1)\n                self.click('//*[@id=\"app\"]/div/div[2]/section/div/div[4]/button[2]/span')\n                time.sleep(3)\n>               self.click('//*[@id=\"app\"]/div/div[2]/section/div/div[2]/div[3]/table/tbody/tr[1]/td[9]/div/button[2]/span')\n\nsc\\coupons\\test_coupons.py:134: \n_ _ _ _ _ _ _ _ _ _ _ _ _ _ _ _ _ _ _ _ _ _ _ _ _ _ _ _ _ _ _ _ _ _ _ _ _ _ _ _\n..\\txhoutai\\webkeys1.py:45: in click\n    self.driver.find_element(By.XPATH,locator).click()\nC:\\Program Files\\Python38\\lib\\site-packages\\selenium\\webdriver\\remote\\webdriver.py:1248: in find_element\n    return self.execute(Command.FIND_ELEMENT, {\nC:\\Program Files\\Python38\\lib\\site-packages\\selenium\\webdriver\\remote\\webdriver.py:425: in execute\n    self.error_handler.check_response(response)\n_ _ _ _ _ _ _ _ _ _ _ _ _ _ _ _ _ _ _ _ _ _ _ _ _ _ _ _ _ _ _ _ _ _ _ _ _ _ _ _\n\nself = <selenium.webdriver.remote.errorhandler.ErrorHandler object at 0x00000211961FEAC0>\nresponse = {'status': 404, 'value': '{\"value\":{\"error\":\"no such element\",\"message\":\"no such element: Unable to locate element: {\\...D86650+904016]\\\\n\\\\tBaseThreadInitThunk [0x00007FFE34407034+20]\\\\n\\\\tRtlUserThreadStart [0x00007FFE34C02651+33]\\\\n\"}}'}\n\n    def check_response(self, response: Dict[str, Any]) -> None:\n        \"\"\"\n        Checks that a JSON response from the WebDriver does not have an error.\n    \n        :Args:\n         - response - The JSON response from the WebDriver server as a dictionary\n           object.\n    \n        :Raises: If the response contains an error message.\n        \"\"\"\n        status = response.get('status', None)\n        if not status or status == ErrorCode.SUCCESS:\n            return\n        value = None\n        message = response.get(\"message\", \"\")\n        screen: str = response.get(\"screen\", \"\")\n        stacktrace = None\n        if isinstance(status, int):\n            value_json = response.get('value', None)\n            if value_json and isinstance(value_json, str):\n                import json\n                try:\n                    value = json.loads(value_json)\n                    if len(value.keys()) == 1:\n                        value = value['value']\n                    status = value.get('error', None)\n                    if not status:\n                        status = value.get(\"status\", ErrorCode.UNKNOWN_ERROR)\n                        message = value.get(\"value\") or value.get(\"message\")\n                        if not isinstance(message, str):\n                            value = message\n                            message = message.get('message')\n                    else:\n                        message = value.get('message', None)\n                except ValueError:\n                    pass\n    \n        exception_class: Type[WebDriverException]\n        if status in ErrorCode.NO_SUCH_ELEMENT:\n            exception_class = NoSuchElementException\n        elif status in ErrorCode.NO_SUCH_FRAME:\n            exception_class = NoSuchFrameException\n        elif status in ErrorCode.NO_SUCH_SHADOW_ROOT:\n            exception_class = NoSuchShadowRootException\n        elif status in ErrorCode.NO_SUCH_WINDOW:\n            exception_class = NoSuchWindowException\n        elif status in ErrorCode.STALE_ELEMENT_REFERENCE:\n            exception_class = StaleElementReferenceException\n        elif status in ErrorCode.ELEMENT_NOT_VISIBLE:\n            exception_class = ElementNotVisibleException\n        elif status in ErrorCode.INVALID_ELEMENT_STATE:\n            exception_class = InvalidElementStateException\n        elif status in ErrorCode.INVALID_SELECTOR \\\n                or status in ErrorCode.INVALID_XPATH_SELECTOR \\\n                or status in ErrorCode.INVALID_XPATH_SELECTOR_RETURN_TYPER:\n            exception_class = InvalidSelectorException\n        elif status in ErrorCode.ELEMENT_IS_NOT_SELECTABLE:\n            exception_class = ElementNotSelectableException\n        elif status in ErrorCode.ELEMENT_NOT_INTERACTABLE:\n            exception_class = ElementNotInteractableException\n        elif status in ErrorCode.INVALID_COOKIE_DOMAIN:\n            exception_class = InvalidCookieDomainException\n        elif status in ErrorCode.UNABLE_TO_SET_COOKIE:\n            exception_class = UnableToSetCookieException\n        elif status in ErrorCode.TIMEOUT:\n            exception_class = TimeoutException\n        elif status in ErrorCode.SCRIPT_TIMEOUT:\n            exception_class = TimeoutException\n        elif status in ErrorCode.UNKNOWN_ERROR:\n            exception_class = WebDriverException\n        elif status in ErrorCode.UNEXPECTED_ALERT_OPEN:\n            exception_class = UnexpectedAlertPresentException\n        elif status in ErrorCode.NO_ALERT_OPEN:\n            exception_class = NoAlertPresentException\n        elif status in ErrorCode.IME_NOT_AVAILABLE:\n            exception_class = ImeNotAvailableException\n        elif status in ErrorCode.IME_ENGINE_ACTIVATION_FAILED:\n            exception_class = ImeActivationFailedException\n        elif status in ErrorCode.MOVE_TARGET_OUT_OF_BOUNDS:\n            exception_class = MoveTargetOutOfBoundsException\n        elif status in ErrorCode.JAVASCRIPT_ERROR:\n            exception_class = JavascriptException\n        elif status in ErrorCode.SESSION_NOT_CREATED:\n            exception_class = SessionNotCreatedException\n        elif status in ErrorCode.INVALID_ARGUMENT:\n            exception_class = InvalidArgumentException\n        elif status in ErrorCode.NO_SUCH_COOKIE:\n            exception_class = NoSuchCookieException\n        elif status in ErrorCode.UNABLE_TO_CAPTURE_SCREEN:\n            exception_class = ScreenshotException\n        elif status in ErrorCode.ELEMENT_CLICK_INTERCEPTED:\n            exception_class = ElementClickInterceptedException\n        elif status in ErrorCode.INSECURE_CERTIFICATE:\n            exception_class = InsecureCertificateException\n        elif status in ErrorCode.INVALID_COORDINATES:\n            exception_class = InvalidCoordinatesException\n        elif status in ErrorCode.INVALID_SESSION_ID:\n            exception_class = InvalidSessionIdException\n        elif status in ErrorCode.UNKNOWN_METHOD:\n            exception_class = UnknownMethodException\n        else:\n            exception_class = WebDriverException\n        if not value:\n            value = response['value']\n        if isinstance(value, str):\n            raise exception_class(value)\n        if message == \"\" and 'message' in value:\n            message = value['message']\n    \n        screen = None  # type: ignore[assignment]\n        if 'screen' in value:\n            screen = value['screen']\n    \n        stacktrace = None\n        st_value = value.get('stackTrace') or value.get('stacktrace')\n        if st_value:\n            if isinstance(st_value, str):\n                stacktrace = st_value.split('\\n')\n            else:\n                stacktrace = []\n                try:\n                    for frame in st_value:\n                        line = self._value_or_default(frame, 'lineNumber', '')\n                        file = self._value_or_default(frame, 'fileName', '<anonymous>')\n                        if line:\n                            file = \"%s:%s\" % (file, line)\n                        meth = self._value_or_default(frame, 'methodName', '<anonymous>')\n                        if 'className' in frame:\n                            meth = \"%s.%s\" % (frame['className'], meth)\n                        msg = \"    at %s (%s)\"\n                        msg = msg % (meth, file)\n                        stacktrace.append(msg)\n                except TypeError:\n                    pass\n        if exception_class == UnexpectedAlertPresentException:\n            alert_text = None\n            if 'data' in value:\n                alert_text = value['data'].get('text')\n            elif 'alert' in value:\n                alert_text = value['alert'].get('text')\n            raise exception_class(message, screen, stacktrace, alert_text)  # type: ignore[call-arg]  # mypy is not smart enough here\n>       raise exception_class(message, screen, stacktrace)\nE       selenium.common.exceptions.NoSuchElementException: Message: no such element: Unable to locate element: {\"method\":\"xpath\",\"selector\":\"//*[@id=\"app\"]/div/div[2]/section/div/div[2]/div[3]/table/tbody/tr[1]/td[9]/div/button[2]/span\"}\nE         (Session info: MicrosoftEdge=98.0.1108.62)\nE       Stacktrace:\nE       Backtrace:\nE       \tMicrosoft::Applications::Events::EventProperties::unpack [0x00007FF77B173382+22610]\nE       \tMicrosoft::Applications::Events::time_ticks_t::time_ticks_t [0x00007FF77B0B1C52+503778]\nE       \tOrdinal0 [0x00007FF77ABB0FA5+659365]\nE       \tOrdinal0 [0x00007FF77ABEBD52+900434]\nE       \tOrdinal0 [0x00007FF77ABEC028+901160]\nE       \tOrdinal0 [0x00007FF77AC1DBC7+1104839]\nE       \tOrdinal0 [0x00007FF77AC0701F+1011743]\nE       \tOrdinal0 [0x00007FF77AC1B2C4+1094340]\nE       \tOrdinal0 [0x00007FF77AC06DF3+1011187]\nE       \tOrdinal0 [0x00007FF77ABDDE97+843415]\nE       \tOrdinal0 [0x00007FF77ABDF368+848744]\nE       \tMicrosoft::Applications::Events::EventProperty::to_string [0x00007FF77AD78BC8+848072]\nE       \tMicrosoft::Applications::Events::EventProperty::EventProperty [0x00007FF77AE6AB9D+39117]\nE       \tMicrosoft::Applications::Events::EventProperty::EventProperty [0x00007FF77AE6DE12+52034]\nE       \tMicrosoft::Applications::Events::EventProperty::to_string [0x00007FF77ACB0906+28166]\nE       \tMicrosoft::Applications::Events::time_ticks_t::time_ticks_t [0x00007FF77B0B88E1+531569]\nE       \tMicrosoft::Applications::Events::time_ticks_t::time_ticks_t [0x00007FF77B0BDDC4+553300]\nE       \tMicrosoft::Applications::Events::time_ticks_t::time_ticks_t [0x00007FF77B0BDF55+553701]\nE       \tMicrosoft::Applications::Events::EventProperty::to_string [0x00007FF77AD86650+904016]\nE       \tBaseThreadInitThunk [0x00007FFE34407034+20]\nE       \tRtlUserThreadStart [0x00007FFE34C02651+33]\n\nC:\\Program Files\\Python38\\lib\\site-packages\\selenium\\webdriver\\remote\\errorhandler.py:247: NoSuchElementException",
  "flaky" : false,
  "newFailed" : false,
  "newBroken" : false,
  "newPassed" : false,
  "retriesCount" : 0,
  "retriesStatusChange" : false,
  "beforeStages" : [ {
    "name" : "_xunit_setup_method_fixture_Test_coupons",
    "time" : {
      "start" : 1646128854664,
      "stop" : 1646128866183,
      "duration" : 11519
    },
    "status" : "passed",
    "steps" : [ ],
    "attachments" : [ ],
    "parameters" : [ ],
    "stepsCount" : 0,
    "hasContent" : false,
    "shouldDisplayMessage" : false,
    "attachmentsCount" : 0
  } ],
  "testStage" : {
    "description" : "\n        进行中的发放规则能否编辑或者删除\n        :return:\n        ",
    "status" : "broken",
    "statusMessage" : "selenium.common.exceptions.NoSuchElementException: Message: no such element: Unable to locate element: {\"method\":\"xpath\",\"selector\":\"//*[@id=\"app\"]/div/div[2]/section/div/div[2]/div[3]/table/tbody/tr[1]/td[9]/div/button[2]/span\"}\n  (Session info: MicrosoftEdge=98.0.1108.62)\nStacktrace:\nBacktrace:\n\tMicrosoft::Applications::Events::EventProperties::unpack [0x00007FF77B173382+22610]\n\tMicrosoft::Applications::Events::time_ticks_t::time_ticks_t [0x00007FF77B0B1C52+503778]\n\tOrdinal0 [0x00007FF77ABB0FA5+659365]\n\tOrdinal0 [0x00007FF77ABEBD52+900434]\n\tOrdinal0 [0x00007FF77ABEC028+901160]\n\tOrdinal0 [0x00007FF77AC1DBC7+1104839]\n\tOrdinal0 [0x00007FF77AC0701F+1011743]\n\tOrdinal0 [0x00007FF77AC1B2C4+1094340]\n\tOrdinal0 [0x00007FF77AC06DF3+1011187]\n\tOrdinal0 [0x00007FF77ABDDE97+843415]\n\tOrdinal0 [0x00007FF77ABDF368+848744]\n\tMicrosoft::Applications::Events::EventProperty::to_string [0x00007FF77AD78BC8+848072]\n\tMicrosoft::Applications::Events::EventProperty::EventProperty [0x00007FF77AE6AB9D+39117]\n\tMicrosoft::Applications::Events::EventProperty::EventProperty [0x00007FF77AE6DE12+52034]\n\tMicrosoft::Applications::Events::EventProperty::to_string [0x00007FF77ACB0906+28166]\n\tMicrosoft::Applications::Events::time_ticks_t::time_ticks_t [0x00007FF77B0B88E1+531569]\n\tMicrosoft::Applications::Events::time_ticks_t::time_ticks_t [0x00007FF77B0BDDC4+553300]\n\tMicrosoft::Applications::Events::time_ticks_t::time_ticks_t [0x00007FF77B0BDF55+553701]\n\tMicrosoft::Applications::Events::EventProperty::to_string [0x00007FF77AD86650+904016]\n\tBaseThreadInitThunk [0x00007FFE34407034+20]\n\tRtlUserThreadStart [0x00007FFE34C02651+33]",
    "statusTrace" : "self = <Suites.sc.coupons.test_coupons.Test_coupons object at 0x00000211FF3266A0>\n\n    @allure.epic('后台商城系统')\n    @allure.feature('发放规则模块')\n    @allure.story(\"发放规则的状态测试\")\n    @allure.title('进行中的发放规则能否编辑或者删除')\n    @pytest.mark.flaky(reruns=1, reruns_dalay=2)\n    @allure.severity(allure.severity_level.CRITICAL)\n    def test_doubleadd(self):\n        '''\n        进行中的发放规则能否编辑或者删除\n        :return:\n        '''\n        with allure.step('建立一条状态为进行中的发放规则'):\n            with allure.step(\"点击新增规则按钮\"):\n                self.click('//*[@id=\"app\"]/div/div[2]/section/div/div[1]/button/span')\n    \n                # 规则名称输入\n                self.click('//*[@id=\"app\"]/div/div[2]/section/div/div[1]/div[2]/form/div[1]/div/div[1]/input')\n                self.input('//*[@id=\"app\"]/div/div[2]/section/div/div[1]/div[2]/form/div[1]/div/div[1]/input', '自动化测试')\n                # 输入规则描述\n                self.click('//*[@id=\"app\"]/div/div[2]/section/div/div[1]/div[2]/form/div[2]/div/div[1]/input')\n                self.input('//*[@id=\"app\"]/div/div[2]/section/div/div[1]/div[2]/form/div[2]/div/div[1]/input', '自动化测试')\n                # 选择关联店铺\n                self.click('//*[@id=\"app\"]/div/div[2]/section/div/div[1]/div[2]/form/div[3]/div/div/div/input')\n                self.click('/html/body/div[2]/div[1]/div[1]/ul/li[2]')\n                # 手动输入开始时间\n                self.click('//*[@id=\"app\"]/div/div[2]/section/div/div[1]/div[2]/form/div[4]/div/div/input[1]')\n                ry2 = datetime.datetime.now().strftime('%Y-%m-%d %H:%M:%S')\n                self.input('//*[@id=\"app\"]/div/div[2]/section/div/div[1]/div[2]/form/div[4]/div/div/input[1]', ry2)\n                # 输入结束时间为2200-12-12 00:00:00\n                self.click('//*[@id=\"app\"]/div/div[2]/section/div/div[1]/div[2]/form/div[4]/div/div/input[2]')\n                self.input('//*[@id=\"app\"]/div/div[2]/section/div/div[1]/div[2]/form/div[4]/div/div/input[2]'\n                           , '2200-12-12 00:00:00')\n                time.sleep(1)\n                self.click('//*[@id=\"app\"]/div/div[2]/section/div/div[1]/div[2]/form/div[2]/div/div[1]/input')\n    \n                # 选择规则类型\n                self.click('//*[@id=\"pane-0\"]/form/div[1]/div/div/div[1]/input')\n                self.click('/html/body/div[4]/div[1]/div[1]/ul/li[1]/span')\n                # 选择商品\n                self.click('//*[@id=\"pane-0\"]/form/div[2]/div/button/span')\n                element2 = self.driver.find_element(By.XPATH,\n                                                    '/html/body/div[5]/div/div[2]/div/div[3]/table/tbody/tr[1]/td[2]/div')\n                ActionChains(self.driver).move_to_element(element2).perform()\n                ActionChains(self.driver).click(element2).perform()\n                self.click('/html/body/div[5]/div/div[3]/div/div/div/button[2]')\n    \n                # 选择优惠券\n                self.click('//*[@id=\"app\"]/div/div[2]/section/div/div[3]/div[2]/form/div/div/button/span')\n                element1 = self.driver.find_element(By.XPATH,\n                                                    '/html/body/div[6]/div/div[2]/div[1]/div[3]/table/tbody/tr[1]/td[2]/div')\n                ActionChains(self.driver).move_to_element(element1).perform()\n                ActionChains(self.driver).click(element1).perform()\n                self.click('/html/body/div[6]/div/div[3]/div/div/div/button[2]/span')\n                time.sleep(1)\n                self.click('//*[@id=\"app\"]/div/div[2]/section/div/div[4]/button[2]/span')\n                time.sleep(3)\n>               self.click('//*[@id=\"app\"]/div/div[2]/section/div/div[2]/div[3]/table/tbody/tr[1]/td[9]/div/button[2]/span')\n\nsc\\coupons\\test_coupons.py:134: \n_ _ _ _ _ _ _ _ _ _ _ _ _ _ _ _ _ _ _ _ _ _ _ _ _ _ _ _ _ _ _ _ _ _ _ _ _ _ _ _\n..\\txhoutai\\webkeys1.py:45: in click\n    self.driver.find_element(By.XPATH,locator).click()\nC:\\Program Files\\Python38\\lib\\site-packages\\selenium\\webdriver\\remote\\webdriver.py:1248: in find_element\n    return self.execute(Command.FIND_ELEMENT, {\nC:\\Program Files\\Python38\\lib\\site-packages\\selenium\\webdriver\\remote\\webdriver.py:425: in execute\n    self.error_handler.check_response(response)\n_ _ _ _ _ _ _ _ _ _ _ _ _ _ _ _ _ _ _ _ _ _ _ _ _ _ _ _ _ _ _ _ _ _ _ _ _ _ _ _\n\nself = <selenium.webdriver.remote.errorhandler.ErrorHandler object at 0x00000211961FEAC0>\nresponse = {'status': 404, 'value': '{\"value\":{\"error\":\"no such element\",\"message\":\"no such element: Unable to locate element: {\\...D86650+904016]\\\\n\\\\tBaseThreadInitThunk [0x00007FFE34407034+20]\\\\n\\\\tRtlUserThreadStart [0x00007FFE34C02651+33]\\\\n\"}}'}\n\n    def check_response(self, response: Dict[str, Any]) -> None:\n        \"\"\"\n        Checks that a JSON response from the WebDriver does not have an error.\n    \n        :Args:\n         - response - The JSON response from the WebDriver server as a dictionary\n           object.\n    \n        :Raises: If the response contains an error message.\n        \"\"\"\n        status = response.get('status', None)\n        if not status or status == ErrorCode.SUCCESS:\n            return\n        value = None\n        message = response.get(\"message\", \"\")\n        screen: str = response.get(\"screen\", \"\")\n        stacktrace = None\n        if isinstance(status, int):\n            value_json = response.get('value', None)\n            if value_json and isinstance(value_json, str):\n                import json\n                try:\n                    value = json.loads(value_json)\n                    if len(value.keys()) == 1:\n                        value = value['value']\n                    status = value.get('error', None)\n                    if not status:\n                        status = value.get(\"status\", ErrorCode.UNKNOWN_ERROR)\n                        message = value.get(\"value\") or value.get(\"message\")\n                        if not isinstance(message, str):\n                            value = message\n                            message = message.get('message')\n                    else:\n                        message = value.get('message', None)\n                except ValueError:\n                    pass\n    \n        exception_class: Type[WebDriverException]\n        if status in ErrorCode.NO_SUCH_ELEMENT:\n            exception_class = NoSuchElementException\n        elif status in ErrorCode.NO_SUCH_FRAME:\n            exception_class = NoSuchFrameException\n        elif status in ErrorCode.NO_SUCH_SHADOW_ROOT:\n            exception_class = NoSuchShadowRootException\n        elif status in ErrorCode.NO_SUCH_WINDOW:\n            exception_class = NoSuchWindowException\n        elif status in ErrorCode.STALE_ELEMENT_REFERENCE:\n            exception_class = StaleElementReferenceException\n        elif status in ErrorCode.ELEMENT_NOT_VISIBLE:\n            exception_class = ElementNotVisibleException\n        elif status in ErrorCode.INVALID_ELEMENT_STATE:\n            exception_class = InvalidElementStateException\n        elif status in ErrorCode.INVALID_SELECTOR \\\n                or status in ErrorCode.INVALID_XPATH_SELECTOR \\\n                or status in ErrorCode.INVALID_XPATH_SELECTOR_RETURN_TYPER:\n            exception_class = InvalidSelectorException\n        elif status in ErrorCode.ELEMENT_IS_NOT_SELECTABLE:\n            exception_class = ElementNotSelectableException\n        elif status in ErrorCode.ELEMENT_NOT_INTERACTABLE:\n            exception_class = ElementNotInteractableException\n        elif status in ErrorCode.INVALID_COOKIE_DOMAIN:\n            exception_class = InvalidCookieDomainException\n        elif status in ErrorCode.UNABLE_TO_SET_COOKIE:\n            exception_class = UnableToSetCookieException\n        elif status in ErrorCode.TIMEOUT:\n            exception_class = TimeoutException\n        elif status in ErrorCode.SCRIPT_TIMEOUT:\n            exception_class = TimeoutException\n        elif status in ErrorCode.UNKNOWN_ERROR:\n            exception_class = WebDriverException\n        elif status in ErrorCode.UNEXPECTED_ALERT_OPEN:\n            exception_class = UnexpectedAlertPresentException\n        elif status in ErrorCode.NO_ALERT_OPEN:\n            exception_class = NoAlertPresentException\n        elif status in ErrorCode.IME_NOT_AVAILABLE:\n            exception_class = ImeNotAvailableException\n        elif status in ErrorCode.IME_ENGINE_ACTIVATION_FAILED:\n            exception_class = ImeActivationFailedException\n        elif status in ErrorCode.MOVE_TARGET_OUT_OF_BOUNDS:\n            exception_class = MoveTargetOutOfBoundsException\n        elif status in ErrorCode.JAVASCRIPT_ERROR:\n            exception_class = JavascriptException\n        elif status in ErrorCode.SESSION_NOT_CREATED:\n            exception_class = SessionNotCreatedException\n        elif status in ErrorCode.INVALID_ARGUMENT:\n            exception_class = InvalidArgumentException\n        elif status in ErrorCode.NO_SUCH_COOKIE:\n            exception_class = NoSuchCookieException\n        elif status in ErrorCode.UNABLE_TO_CAPTURE_SCREEN:\n            exception_class = ScreenshotException\n        elif status in ErrorCode.ELEMENT_CLICK_INTERCEPTED:\n            exception_class = ElementClickInterceptedException\n        elif status in ErrorCode.INSECURE_CERTIFICATE:\n            exception_class = InsecureCertificateException\n        elif status in ErrorCode.INVALID_COORDINATES:\n            exception_class = InvalidCoordinatesException\n        elif status in ErrorCode.INVALID_SESSION_ID:\n            exception_class = InvalidSessionIdException\n        elif status in ErrorCode.UNKNOWN_METHOD:\n            exception_class = UnknownMethodException\n        else:\n            exception_class = WebDriverException\n        if not value:\n            value = response['value']\n        if isinstance(value, str):\n            raise exception_class(value)\n        if message == \"\" and 'message' in value:\n            message = value['message']\n    \n        screen = None  # type: ignore[assignment]\n        if 'screen' in value:\n            screen = value['screen']\n    \n        stacktrace = None\n        st_value = value.get('stackTrace') or value.get('stacktrace')\n        if st_value:\n            if isinstance(st_value, str):\n                stacktrace = st_value.split('\\n')\n            else:\n                stacktrace = []\n                try:\n                    for frame in st_value:\n                        line = self._value_or_default(frame, 'lineNumber', '')\n                        file = self._value_or_default(frame, 'fileName', '<anonymous>')\n                        if line:\n                            file = \"%s:%s\" % (file, line)\n                        meth = self._value_or_default(frame, 'methodName', '<anonymous>')\n                        if 'className' in frame:\n                            meth = \"%s.%s\" % (frame['className'], meth)\n                        msg = \"    at %s (%s)\"\n                        msg = msg % (meth, file)\n                        stacktrace.append(msg)\n                except TypeError:\n                    pass\n        if exception_class == UnexpectedAlertPresentException:\n            alert_text = None\n            if 'data' in value:\n                alert_text = value['data'].get('text')\n            elif 'alert' in value:\n                alert_text = value['alert'].get('text')\n            raise exception_class(message, screen, stacktrace, alert_text)  # type: ignore[call-arg]  # mypy is not smart enough here\n>       raise exception_class(message, screen, stacktrace)\nE       selenium.common.exceptions.NoSuchElementException: Message: no such element: Unable to locate element: {\"method\":\"xpath\",\"selector\":\"//*[@id=\"app\"]/div/div[2]/section/div/div[2]/div[3]/table/tbody/tr[1]/td[9]/div/button[2]/span\"}\nE         (Session info: MicrosoftEdge=98.0.1108.62)\nE       Stacktrace:\nE       Backtrace:\nE       \tMicrosoft::Applications::Events::EventProperties::unpack [0x00007FF77B173382+22610]\nE       \tMicrosoft::Applications::Events::time_ticks_t::time_ticks_t [0x00007FF77B0B1C52+503778]\nE       \tOrdinal0 [0x00007FF77ABB0FA5+659365]\nE       \tOrdinal0 [0x00007FF77ABEBD52+900434]\nE       \tOrdinal0 [0x00007FF77ABEC028+901160]\nE       \tOrdinal0 [0x00007FF77AC1DBC7+1104839]\nE       \tOrdinal0 [0x00007FF77AC0701F+1011743]\nE       \tOrdinal0 [0x00007FF77AC1B2C4+1094340]\nE       \tOrdinal0 [0x00007FF77AC06DF3+1011187]\nE       \tOrdinal0 [0x00007FF77ABDDE97+843415]\nE       \tOrdinal0 [0x00007FF77ABDF368+848744]\nE       \tMicrosoft::Applications::Events::EventProperty::to_string [0x00007FF77AD78BC8+848072]\nE       \tMicrosoft::Applications::Events::EventProperty::EventProperty [0x00007FF77AE6AB9D+39117]\nE       \tMicrosoft::Applications::Events::EventProperty::EventProperty [0x00007FF77AE6DE12+52034]\nE       \tMicrosoft::Applications::Events::EventProperty::to_string [0x00007FF77ACB0906+28166]\nE       \tMicrosoft::Applications::Events::time_ticks_t::time_ticks_t [0x00007FF77B0B88E1+531569]\nE       \tMicrosoft::Applications::Events::time_ticks_t::time_ticks_t [0x00007FF77B0BDDC4+553300]\nE       \tMicrosoft::Applications::Events::time_ticks_t::time_ticks_t [0x00007FF77B0BDF55+553701]\nE       \tMicrosoft::Applications::Events::EventProperty::to_string [0x00007FF77AD86650+904016]\nE       \tBaseThreadInitThunk [0x00007FFE34407034+20]\nE       \tRtlUserThreadStart [0x00007FFE34C02651+33]\n\nC:\\Program Files\\Python38\\lib\\site-packages\\selenium\\webdriver\\remote\\errorhandler.py:247: NoSuchElementException",
    "steps" : [ {
      "name" : "建立一条状态为进行中的发放规则",
      "time" : {
        "start" : 1646128866184,
        "stop" : 1646128886222,
        "duration" : 20038
      },
      "status" : "broken",
      "statusMessage" : "selenium.common.exceptions.NoSuchElementException: Message: no such element: Unable to locate element: {\"method\":\"xpath\",\"selector\":\"//*[@id=\"app\"]/div/div[2]/section/div/div[2]/div[3]/table/tbody/tr[1]/td[9]/div/button[2]/span\"}\n  (Session info: MicrosoftEdge=98.0.1108.62)\nStacktrace:\nBacktrace:\n\tMicrosoft::Applications::Events::EventProperties::unpack [0x00007FF77B173382+22610]\n\tMicrosoft::Applications::Events::time_ticks_t::time_ticks_t [0x00007FF77B0B1C52+503778]\n\tOrdinal0 [0x00007FF77ABB0FA5+659365]\n\tOrdinal0 [0x00007FF77ABEBD52+900434]\n\tOrdinal0 [0x00007FF77ABEC028+901160]\n\tOrdinal0 [0x00007FF77AC1DBC7+1104839]\n\tOrdinal0 [0x00007FF77AC0701F+1011743]\n\tOrdinal0 [0x00007FF77AC1B2C4+1094340]\n\tOrdinal0 [0x00007FF77AC06DF3+1011187]\n\tOrdinal0 [0x00007FF77ABDDE97+843415]\n\tOrdinal0 [0x00007FF77ABDF368+848744]\n\tMicrosoft::Applications::Events::EventProperty::to_string [0x00007FF77AD78BC8+848072]\n\tMicrosoft::Applications::Events::EventProperty::EventProperty [0x00007FF77AE6AB9D+39117]\n\tMicrosoft::Applications::Events::EventProperty::EventProperty [0x00007FF77AE6DE12+52034]\n\tMicrosoft::Applications::Events::EventProperty::to_string [0x00007FF77ACB0906+28166]\n\tMicrosoft::Applications::Events::time_ticks_t::time_ticks_t [0x00007FF77B0B88E1+531569]\n\tMicrosoft::Applications::Events::time_ticks_t::time_ticks_t [0x00007FF77B0BDDC4+553300]\n\tMicrosoft::Applications::Events::time_ticks_t::time_ticks_t [0x00007FF77B0BDF55+553701]\n\tMicrosoft::Applications::Events::EventProperty::to_string [0x00007FF77AD86650+904016]\n\tBaseThreadInitThunk [0x00007FFE34407034+20]\n\tRtlUserThreadStart [0x00007FFE34C02651+33]\n\n",
      "statusTrace" : "  File \"F:\\room\\tx\\Suites\\sc\\coupons\\test_coupons.py\", line 134, in test_doubleadd\n    self.click('//*[@id=\"app\"]/div/div[2]/section/div/div[2]/div[3]/table/tbody/tr[1]/td[9]/div/button[2]/span')\n  File \"F:\\room\\tx\\txhoutai\\webkeys1.py\", line 45, in click\n    self.driver.find_element(By.XPATH,locator).click()\n  File \"C:\\Program Files\\Python38\\lib\\site-packages\\selenium\\webdriver\\remote\\webdriver.py\", line 1248, in find_element\n    return self.execute(Command.FIND_ELEMENT, {\n  File \"C:\\Program Files\\Python38\\lib\\site-packages\\selenium\\webdriver\\remote\\webdriver.py\", line 425, in execute\n    self.error_handler.check_response(response)\n  File \"C:\\Program Files\\Python38\\lib\\site-packages\\selenium\\webdriver\\remote\\errorhandler.py\", line 247, in check_response\n    raise exception_class(message, screen, stacktrace)\n",
      "steps" : [ {
        "name" : "点击新增规则按钮",
        "time" : {
          "start" : 1646128866184,
          "stop" : 1646128886221,
          "duration" : 20037
        },
        "status" : "broken",
        "statusMessage" : "selenium.common.exceptions.NoSuchElementException: Message: no such element: Unable to locate element: {\"method\":\"xpath\",\"selector\":\"//*[@id=\"app\"]/div/div[2]/section/div/div[2]/div[3]/table/tbody/tr[1]/td[9]/div/button[2]/span\"}\n  (Session info: MicrosoftEdge=98.0.1108.62)\nStacktrace:\nBacktrace:\n\tMicrosoft::Applications::Events::EventProperties::unpack [0x00007FF77B173382+22610]\n\tMicrosoft::Applications::Events::time_ticks_t::time_ticks_t [0x00007FF77B0B1C52+503778]\n\tOrdinal0 [0x00007FF77ABB0FA5+659365]\n\tOrdinal0 [0x00007FF77ABEBD52+900434]\n\tOrdinal0 [0x00007FF77ABEC028+901160]\n\tOrdinal0 [0x00007FF77AC1DBC7+1104839]\n\tOrdinal0 [0x00007FF77AC0701F+1011743]\n\tOrdinal0 [0x00007FF77AC1B2C4+1094340]\n\tOrdinal0 [0x00007FF77AC06DF3+1011187]\n\tOrdinal0 [0x00007FF77ABDDE97+843415]\n\tOrdinal0 [0x00007FF77ABDF368+848744]\n\tMicrosoft::Applications::Events::EventProperty::to_string [0x00007FF77AD78BC8+848072]\n\tMicrosoft::Applications::Events::EventProperty::EventProperty [0x00007FF77AE6AB9D+39117]\n\tMicrosoft::Applications::Events::EventProperty::EventProperty [0x00007FF77AE6DE12+52034]\n\tMicrosoft::Applications::Events::EventProperty::to_string [0x00007FF77ACB0906+28166]\n\tMicrosoft::Applications::Events::time_ticks_t::time_ticks_t [0x00007FF77B0B88E1+531569]\n\tMicrosoft::Applications::Events::time_ticks_t::time_ticks_t [0x00007FF77B0BDDC4+553300]\n\tMicrosoft::Applications::Events::time_ticks_t::time_ticks_t [0x00007FF77B0BDF55+553701]\n\tMicrosoft::Applications::Events::EventProperty::to_string [0x00007FF77AD86650+904016]\n\tBaseThreadInitThunk [0x00007FFE34407034+20]\n\tRtlUserThreadStart [0x00007FFE34C02651+33]\n\n",
        "statusTrace" : "  File \"F:\\room\\tx\\Suites\\sc\\coupons\\test_coupons.py\", line 134, in test_doubleadd\n    self.click('//*[@id=\"app\"]/div/div[2]/section/div/div[2]/div[3]/table/tbody/tr[1]/td[9]/div/button[2]/span')\n  File \"F:\\room\\tx\\txhoutai\\webkeys1.py\", line 45, in click\n    self.driver.find_element(By.XPATH,locator).click()\n  File \"C:\\Program Files\\Python38\\lib\\site-packages\\selenium\\webdriver\\remote\\webdriver.py\", line 1248, in find_element\n    return self.execute(Command.FIND_ELEMENT, {\n  File \"C:\\Program Files\\Python38\\lib\\site-packages\\selenium\\webdriver\\remote\\webdriver.py\", line 425, in execute\n    self.error_handler.check_response(response)\n  File \"C:\\Program Files\\Python38\\lib\\site-packages\\selenium\\webdriver\\remote\\errorhandler.py\", line 247, in check_response\n    raise exception_class(message, screen, stacktrace)\n",
        "steps" : [ ],
        "attachments" : [ ],
        "parameters" : [ ],
        "stepsCount" : 0,
        "hasContent" : true,
        "shouldDisplayMessage" : true,
        "attachmentsCount" : 0
      } ],
      "attachments" : [ ],
      "parameters" : [ ],
      "stepsCount" : 1,
      "hasContent" : true,
      "shouldDisplayMessage" : false,
      "attachmentsCount" : 0
    } ],
    "attachments" : [ ],
    "parameters" : [ ],
    "stepsCount" : 2,
    "hasContent" : true,
    "shouldDisplayMessage" : true,
    "attachmentsCount" : 0
  },
  "afterStages" : [ {
    "name" : "_xunit_setup_method_fixture_Test_coupons::0",
    "time" : {
      "start" : 1646128886283,
      "stop" : 1646128890891,
      "duration" : 4608
    },
    "status" : "passed",
    "steps" : [ {
      "name" : "测试结束，关闭浏览器",
      "time" : {
        "start" : 1646128886283,
        "stop" : 1646128890891,
        "duration" : 4608
      },
      "status" : "passed",
      "steps" : [ ],
      "attachments" : [ ],
      "parameters" : [ ],
      "stepsCount" : 0,
      "hasContent" : false,
      "shouldDisplayMessage" : false,
      "attachmentsCount" : 0
    } ],
    "attachments" : [ ],
    "parameters" : [ ],
    "stepsCount" : 1,
    "hasContent" : true,
    "shouldDisplayMessage" : false,
    "attachmentsCount" : 0
  } ],
  "labels" : [ {
    "name" : "feature",
    "value" : "发放规则模块"
  }, {
    "name" : "story",
    "value" : "发放规则的状态测试"
  }, {
    "name" : "severity",
    "value" : "critical"
  }, {
    "name" : "epic",
    "value" : "后台商城系统"
  }, {
    "name" : "tag",
    "value" : "flaky(reruns=1, reruns_dalay=2)"
  }, {
    "name" : "parentSuite",
    "value" : "sc.coupons"
  }, {
    "name" : "suite",
    "value" : "test_coupons"
  }, {
    "name" : "subSuite",
    "value" : "Test_coupons"
  }, {
    "name" : "host",
    "value" : "WIN-UJCKUL337GH"
  }, {
    "name" : "thread",
    "value" : "16152-MainThread"
  }, {
    "name" : "framework",
    "value" : "pytest"
  }, {
    "name" : "language",
    "value" : "cpython3"
  }, {
    "name" : "package",
    "value" : "sc.coupons.test_coupons"
  }, {
    "name" : "resultFormat",
    "value" : "allure2"
  } ],
  "parameters" : [ ],
  "links" : [ ],
  "hidden" : true,
  "retry" : true,
  "extra" : {
    "categories" : [ ],
    "tags" : [ "flaky(reruns=1, reruns_dalay=2)" ]
  },
  "source" : "6df86a5b27c12f9c.json",
  "parameterValues" : [ ]
}