{
  "uid" : "70975697f6218ed7",
  "name" : "多条规则组的流程测试",
  "fullName" : "sc.coupons.test_addcoupons.Test_addcoupons#test_guize7",
  "historyId" : "7b63ac292893d3152197812f6ec6dded",
  "time" : {
    "start" : 1646966130040,
    "stop" : 1646966145309,
    "duration" : 15269
  },
  "description" : "\n        检测多条规组的流程测试(前端bug尚未改正)\n        :return:\n        ",
  "descriptionHtml" : "<pre><code>    检测多条规组的流程测试(前端bug尚未改正)\n    :return:\n</code></pre>\n",
  "status" : "broken",
  "statusMessage" : "selenium.common.exceptions.NoSuchElementException: Message: no such element: Unable to locate element: {\"method\":\"xpath\",\"selector\":\"//*[@id=\"pane-0\"]/form/div[1]/div/div/div[1]/input\"}\n  (Session info: chrome=97.0.4692.71)\nStacktrace:\nBacktrace:\n\tOrdinal0 [0x0069FDC3+2555331]\n\tOrdinal0 [0x006377F1+2127857]\n\tOrdinal0 [0x00532E08+1060360]\n\tOrdinal0 [0x0055E49E+1238174]\n\tOrdinal0 [0x0055E69B+1238683]\n\tOrdinal0 [0x00589252+1413714]\n\tOrdinal0 [0x00577B54+1342292]\n\tOrdinal0 [0x005875FA+1406458]\n\tOrdinal0 [0x00577976+1341814]\n\tOrdinal0 [0x005536B6+1193654]\n\tOrdinal0 [0x00554546+1197382]\n\tGetHandleVerifier [0x00839622+1619522]\n\tGetHandleVerifier [0x008E882C+2336844]\n\tGetHandleVerifier [0x007323E1+541697]\n\tGetHandleVerifier [0x00731443+537699]\n\tOrdinal0 [0x0063D18E+2150798]\n\tOrdinal0 [0x00641518+2168088]\n\tOrdinal0 [0x00641660+2168416]\n\tOrdinal0 [0x0064B330+2208560]\n\tBaseThreadInitThunk [0x75D5FA29+25]\n\tRtlGetAppContainerNamedObjectPath [0x76F47A7E+286]\n\tRtlGetAppContainerNamedObjectPath [0x76F47A4E+238]",
  "statusTrace" : "self = <Suites.sc.coupons.test_addcoupons.Test_addcoupons object at 0x000001E977E31190>\n\n    @allure.epic('后台商城系统')\n    @allure.feature('发放规则模块')\n    @allure.story(\"新增发放规则\")\n    @allure.title('多条规则组的流程测试')\n    @allure.severity(allure.severity_level.NORMAL)\n    def test_guize7(self):\n        '''\n        检测多条规组的流程测试(前端bug尚未改正)\n        :return:\n        '''\n        with allure.step(\"填入基本信息\"):\n            self.url('https://pre-release.jyhk.com/txga/mall/#/marketing/marketing')\n            time.sleep(1)\n            self.click('//*[@id=\"app\"]/div/div[2]/section/div/div[2]/div[3]/table/tbody/tr/td[9]/div/button[3]/span')\n            # 规则名称输入\n            self.click('//*[@id=\"app\"]/div/div[2]/section/div/div[1]/div[2]/form/div[1]/div/div[1]/input')\n            self.input('//*[@id=\"app\"]/div/div[2]/section/div/div[1]/div[2]/form/div[1]/div/div[1]/input', 'timedemo')\n            # 输入规则描述\n            self.click('//*[@id=\"app\"]/div/div[2]/section/div/div[1]/div[2]/form/div[2]/div/div[1]/input')\n            self.input('//*[@id=\"app\"]/div/div[2]/section/div/div[1]/div[2]/form/div[2]/div/div[1]/input', '自动化测试')\n            time.sleep(3)\n        with allure.step('点击新增规则组按钮'):\n            element3 = self.find('//*[@id=\"app\"]/div/div[2]/section/div/button')\n            ActionChains(self.driver).move_to_element(element3).click().perform()\n        with allure.step('填写新增规则组内容'):\n>           element1 = self.find(\n                '//*[@id=\"pane-0\"]/form/div[1]/div/div/div[1]/input')\n\nsc\\coupons\\test_addcoupons.py:788: \n_ _ _ _ _ _ _ _ _ _ _ _ _ _ _ _ _ _ _ _ _ _ _ _ _ _ _ _ _ _ _ _ _ _ _ _ _ _ _ _\n..\\txhoutai\\webkeys1.py:76: in find\n    element1 = self.driver.find_element(By.XPATH, locator)\nC:\\Program Files\\Python38\\lib\\site-packages\\selenium\\webdriver\\remote\\webdriver.py:1248: in find_element\n    return self.execute(Command.FIND_ELEMENT, {\nC:\\Program Files\\Python38\\lib\\site-packages\\selenium\\webdriver\\remote\\webdriver.py:425: in execute\n    self.error_handler.check_response(response)\n_ _ _ _ _ _ _ _ _ _ _ _ _ _ _ _ _ _ _ _ _ _ _ _ _ _ _ _ _ _ _ _ _ _ _ _ _ _ _ _\n\nself = <selenium.webdriver.remote.errorhandler.ErrorHandler object at 0x000001E9793582B0>\nresponse = {'status': 404, 'value': '{\"value\":{\"error\":\"no such element\",\"message\":\"no such element: Unable to locate element: {\\...\\n\\\\tRtlGetAppContainerNamedObjectPath [0x76F47A7E+286]\\\\n\\\\tRtlGetAppContainerNamedObjectPath [0x76F47A4E+238]\\\\n\"}}'}\n\n    def check_response(self, response: Dict[str, Any]) -> None:\n        \"\"\"\n        Checks that a JSON response from the WebDriver does not have an error.\n    \n        :Args:\n         - response - The JSON response from the WebDriver server as a dictionary\n           object.\n    \n        :Raises: If the response contains an error message.\n        \"\"\"\n        status = response.get('status', None)\n        if not status or status == ErrorCode.SUCCESS:\n            return\n        value = None\n        message = response.get(\"message\", \"\")\n        screen: str = response.get(\"screen\", \"\")\n        stacktrace = None\n        if isinstance(status, int):\n            value_json = response.get('value', None)\n            if value_json and isinstance(value_json, str):\n                import json\n                try:\n                    value = json.loads(value_json)\n                    if len(value.keys()) == 1:\n                        value = value['value']\n                    status = value.get('error', None)\n                    if not status:\n                        status = value.get(\"status\", ErrorCode.UNKNOWN_ERROR)\n                        message = value.get(\"value\") or value.get(\"message\")\n                        if not isinstance(message, str):\n                            value = message\n                            message = message.get('message')\n                    else:\n                        message = value.get('message', None)\n                except ValueError:\n                    pass\n    \n        exception_class: Type[WebDriverException]\n        if status in ErrorCode.NO_SUCH_ELEMENT:\n            exception_class = NoSuchElementException\n        elif status in ErrorCode.NO_SUCH_FRAME:\n            exception_class = NoSuchFrameException\n        elif status in ErrorCode.NO_SUCH_SHADOW_ROOT:\n            exception_class = NoSuchShadowRootException\n        elif status in ErrorCode.NO_SUCH_WINDOW:\n            exception_class = NoSuchWindowException\n        elif status in ErrorCode.STALE_ELEMENT_REFERENCE:\n            exception_class = StaleElementReferenceException\n        elif status in ErrorCode.ELEMENT_NOT_VISIBLE:\n            exception_class = ElementNotVisibleException\n        elif status in ErrorCode.INVALID_ELEMENT_STATE:\n            exception_class = InvalidElementStateException\n        elif status in ErrorCode.INVALID_SELECTOR \\\n                or status in ErrorCode.INVALID_XPATH_SELECTOR \\\n                or status in ErrorCode.INVALID_XPATH_SELECTOR_RETURN_TYPER:\n            exception_class = InvalidSelectorException\n        elif status in ErrorCode.ELEMENT_IS_NOT_SELECTABLE:\n            exception_class = ElementNotSelectableException\n        elif status in ErrorCode.ELEMENT_NOT_INTERACTABLE:\n            exception_class = ElementNotInteractableException\n        elif status in ErrorCode.INVALID_COOKIE_DOMAIN:\n            exception_class = InvalidCookieDomainException\n        elif status in ErrorCode.UNABLE_TO_SET_COOKIE:\n            exception_class = UnableToSetCookieException\n        elif status in ErrorCode.TIMEOUT:\n            exception_class = TimeoutException\n        elif status in ErrorCode.SCRIPT_TIMEOUT:\n            exception_class = TimeoutException\n        elif status in ErrorCode.UNKNOWN_ERROR:\n            exception_class = WebDriverException\n        elif status in ErrorCode.UNEXPECTED_ALERT_OPEN:\n            exception_class = UnexpectedAlertPresentException\n        elif status in ErrorCode.NO_ALERT_OPEN:\n            exception_class = NoAlertPresentException\n        elif status in ErrorCode.IME_NOT_AVAILABLE:\n            exception_class = ImeNotAvailableException\n        elif status in ErrorCode.IME_ENGINE_ACTIVATION_FAILED:\n            exception_class = ImeActivationFailedException\n        elif status in ErrorCode.MOVE_TARGET_OUT_OF_BOUNDS:\n            exception_class = MoveTargetOutOfBoundsException\n        elif status in ErrorCode.JAVASCRIPT_ERROR:\n            exception_class = JavascriptException\n        elif status in ErrorCode.SESSION_NOT_CREATED:\n            exception_class = SessionNotCreatedException\n        elif status in ErrorCode.INVALID_ARGUMENT:\n            exception_class = InvalidArgumentException\n        elif status in ErrorCode.NO_SUCH_COOKIE:\n            exception_class = NoSuchCookieException\n        elif status in ErrorCode.UNABLE_TO_CAPTURE_SCREEN:\n            exception_class = ScreenshotException\n        elif status in ErrorCode.ELEMENT_CLICK_INTERCEPTED:\n            exception_class = ElementClickInterceptedException\n        elif status in ErrorCode.INSECURE_CERTIFICATE:\n            exception_class = InsecureCertificateException\n        elif status in ErrorCode.INVALID_COORDINATES:\n            exception_class = InvalidCoordinatesException\n        elif status in ErrorCode.INVALID_SESSION_ID:\n            exception_class = InvalidSessionIdException\n        elif status in ErrorCode.UNKNOWN_METHOD:\n            exception_class = UnknownMethodException\n        else:\n            exception_class = WebDriverException\n        if not value:\n            value = response['value']\n        if isinstance(value, str):\n            raise exception_class(value)\n        if message == \"\" and 'message' in value:\n            message = value['message']\n    \n        screen = None  # type: ignore[assignment]\n        if 'screen' in value:\n            screen = value['screen']\n    \n        stacktrace = None\n        st_value = value.get('stackTrace') or value.get('stacktrace')\n        if st_value:\n            if isinstance(st_value, str):\n                stacktrace = st_value.split('\\n')\n            else:\n                stacktrace = []\n                try:\n                    for frame in st_value:\n                        line = self._value_or_default(frame, 'lineNumber', '')\n                        file = self._value_or_default(frame, 'fileName', '<anonymous>')\n                        if line:\n                            file = \"%s:%s\" % (file, line)\n                        meth = self._value_or_default(frame, 'methodName', '<anonymous>')\n                        if 'className' in frame:\n                            meth = \"%s.%s\" % (frame['className'], meth)\n                        msg = \"    at %s (%s)\"\n                        msg = msg % (meth, file)\n                        stacktrace.append(msg)\n                except TypeError:\n                    pass\n        if exception_class == UnexpectedAlertPresentException:\n            alert_text = None\n            if 'data' in value:\n                alert_text = value['data'].get('text')\n            elif 'alert' in value:\n                alert_text = value['alert'].get('text')\n            raise exception_class(message, screen, stacktrace, alert_text)  # type: ignore[call-arg]  # mypy is not smart enough here\n>       raise exception_class(message, screen, stacktrace)\nE       selenium.common.exceptions.NoSuchElementException: Message: no such element: Unable to locate element: {\"method\":\"xpath\",\"selector\":\"//*[@id=\"pane-0\"]/form/div[1]/div/div/div[1]/input\"}\nE         (Session info: chrome=97.0.4692.71)\nE       Stacktrace:\nE       Backtrace:\nE       \tOrdinal0 [0x0069FDC3+2555331]\nE       \tOrdinal0 [0x006377F1+2127857]\nE       \tOrdinal0 [0x00532E08+1060360]\nE       \tOrdinal0 [0x0055E49E+1238174]\nE       \tOrdinal0 [0x0055E69B+1238683]\nE       \tOrdinal0 [0x00589252+1413714]\nE       \tOrdinal0 [0x00577B54+1342292]\nE       \tOrdinal0 [0x005875FA+1406458]\nE       \tOrdinal0 [0x00577976+1341814]\nE       \tOrdinal0 [0x005536B6+1193654]\nE       \tOrdinal0 [0x00554546+1197382]\nE       \tGetHandleVerifier [0x00839622+1619522]\nE       \tGetHandleVerifier [0x008E882C+2336844]\nE       \tGetHandleVerifier [0x007323E1+541697]\nE       \tGetHandleVerifier [0x00731443+537699]\nE       \tOrdinal0 [0x0063D18E+2150798]\nE       \tOrdinal0 [0x00641518+2168088]\nE       \tOrdinal0 [0x00641660+2168416]\nE       \tOrdinal0 [0x0064B330+2208560]\nE       \tBaseThreadInitThunk [0x75D5FA29+25]\nE       \tRtlGetAppContainerNamedObjectPath [0x76F47A7E+286]\nE       \tRtlGetAppContainerNamedObjectPath [0x76F47A4E+238]\n\nC:\\Program Files\\Python38\\lib\\site-packages\\selenium\\webdriver\\remote\\errorhandler.py:247: NoSuchElementException",
  "flaky" : false,
  "newFailed" : false,
  "newBroken" : false,
  "newPassed" : false,
  "retriesCount" : 0,
  "retriesStatusChange" : false,
  "beforeStages" : [ {
    "name" : "_xunit_setup_method_fixture_Test_addcoupons",
    "time" : {
      "start" : 1646966120767,
      "stop" : 1646966130040,
      "duration" : 9273
    },
    "status" : "passed",
    "steps" : [ ],
    "attachments" : [ ],
    "parameters" : [ ],
    "attachmentsCount" : 0,
    "shouldDisplayMessage" : false,
    "stepsCount" : 0,
    "hasContent" : false
  } ],
  "testStage" : {
    "description" : "\n        检测多条规组的流程测试(前端bug尚未改正)\n        :return:\n        ",
    "status" : "broken",
    "statusMessage" : "selenium.common.exceptions.NoSuchElementException: Message: no such element: Unable to locate element: {\"method\":\"xpath\",\"selector\":\"//*[@id=\"pane-0\"]/form/div[1]/div/div/div[1]/input\"}\n  (Session info: chrome=97.0.4692.71)\nStacktrace:\nBacktrace:\n\tOrdinal0 [0x0069FDC3+2555331]\n\tOrdinal0 [0x006377F1+2127857]\n\tOrdinal0 [0x00532E08+1060360]\n\tOrdinal0 [0x0055E49E+1238174]\n\tOrdinal0 [0x0055E69B+1238683]\n\tOrdinal0 [0x00589252+1413714]\n\tOrdinal0 [0x00577B54+1342292]\n\tOrdinal0 [0x005875FA+1406458]\n\tOrdinal0 [0x00577976+1341814]\n\tOrdinal0 [0x005536B6+1193654]\n\tOrdinal0 [0x00554546+1197382]\n\tGetHandleVerifier [0x00839622+1619522]\n\tGetHandleVerifier [0x008E882C+2336844]\n\tGetHandleVerifier [0x007323E1+541697]\n\tGetHandleVerifier [0x00731443+537699]\n\tOrdinal0 [0x0063D18E+2150798]\n\tOrdinal0 [0x00641518+2168088]\n\tOrdinal0 [0x00641660+2168416]\n\tOrdinal0 [0x0064B330+2208560]\n\tBaseThreadInitThunk [0x75D5FA29+25]\n\tRtlGetAppContainerNamedObjectPath [0x76F47A7E+286]\n\tRtlGetAppContainerNamedObjectPath [0x76F47A4E+238]",
    "statusTrace" : "self = <Suites.sc.coupons.test_addcoupons.Test_addcoupons object at 0x000001E977E31190>\n\n    @allure.epic('后台商城系统')\n    @allure.feature('发放规则模块')\n    @allure.story(\"新增发放规则\")\n    @allure.title('多条规则组的流程测试')\n    @allure.severity(allure.severity_level.NORMAL)\n    def test_guize7(self):\n        '''\n        检测多条规组的流程测试(前端bug尚未改正)\n        :return:\n        '''\n        with allure.step(\"填入基本信息\"):\n            self.url('https://pre-release.jyhk.com/txga/mall/#/marketing/marketing')\n            time.sleep(1)\n            self.click('//*[@id=\"app\"]/div/div[2]/section/div/div[2]/div[3]/table/tbody/tr/td[9]/div/button[3]/span')\n            # 规则名称输入\n            self.click('//*[@id=\"app\"]/div/div[2]/section/div/div[1]/div[2]/form/div[1]/div/div[1]/input')\n            self.input('//*[@id=\"app\"]/div/div[2]/section/div/div[1]/div[2]/form/div[1]/div/div[1]/input', 'timedemo')\n            # 输入规则描述\n            self.click('//*[@id=\"app\"]/div/div[2]/section/div/div[1]/div[2]/form/div[2]/div/div[1]/input')\n            self.input('//*[@id=\"app\"]/div/div[2]/section/div/div[1]/div[2]/form/div[2]/div/div[1]/input', '自动化测试')\n            time.sleep(3)\n        with allure.step('点击新增规则组按钮'):\n            element3 = self.find('//*[@id=\"app\"]/div/div[2]/section/div/button')\n            ActionChains(self.driver).move_to_element(element3).click().perform()\n        with allure.step('填写新增规则组内容'):\n>           element1 = self.find(\n                '//*[@id=\"pane-0\"]/form/div[1]/div/div/div[1]/input')\n\nsc\\coupons\\test_addcoupons.py:788: \n_ _ _ _ _ _ _ _ _ _ _ _ _ _ _ _ _ _ _ _ _ _ _ _ _ _ _ _ _ _ _ _ _ _ _ _ _ _ _ _\n..\\txhoutai\\webkeys1.py:76: in find\n    element1 = self.driver.find_element(By.XPATH, locator)\nC:\\Program Files\\Python38\\lib\\site-packages\\selenium\\webdriver\\remote\\webdriver.py:1248: in find_element\n    return self.execute(Command.FIND_ELEMENT, {\nC:\\Program Files\\Python38\\lib\\site-packages\\selenium\\webdriver\\remote\\webdriver.py:425: in execute\n    self.error_handler.check_response(response)\n_ _ _ _ _ _ _ _ _ _ _ _ _ _ _ _ _ _ _ _ _ _ _ _ _ _ _ _ _ _ _ _ _ _ _ _ _ _ _ _\n\nself = <selenium.webdriver.remote.errorhandler.ErrorHandler object at 0x000001E9793582B0>\nresponse = {'status': 404, 'value': '{\"value\":{\"error\":\"no such element\",\"message\":\"no such element: Unable to locate element: {\\...\\n\\\\tRtlGetAppContainerNamedObjectPath [0x76F47A7E+286]\\\\n\\\\tRtlGetAppContainerNamedObjectPath [0x76F47A4E+238]\\\\n\"}}'}\n\n    def check_response(self, response: Dict[str, Any]) -> None:\n        \"\"\"\n        Checks that a JSON response from the WebDriver does not have an error.\n    \n        :Args:\n         - response - The JSON response from the WebDriver server as a dictionary\n           object.\n    \n        :Raises: If the response contains an error message.\n        \"\"\"\n        status = response.get('status', None)\n        if not status or status == ErrorCode.SUCCESS:\n            return\n        value = None\n        message = response.get(\"message\", \"\")\n        screen: str = response.get(\"screen\", \"\")\n        stacktrace = None\n        if isinstance(status, int):\n            value_json = response.get('value', None)\n            if value_json and isinstance(value_json, str):\n                import json\n                try:\n                    value = json.loads(value_json)\n                    if len(value.keys()) == 1:\n                        value = value['value']\n                    status = value.get('error', None)\n                    if not status:\n                        status = value.get(\"status\", ErrorCode.UNKNOWN_ERROR)\n                        message = value.get(\"value\") or value.get(\"message\")\n                        if not isinstance(message, str):\n                            value = message\n                            message = message.get('message')\n                    else:\n                        message = value.get('message', None)\n                except ValueError:\n                    pass\n    \n        exception_class: Type[WebDriverException]\n        if status in ErrorCode.NO_SUCH_ELEMENT:\n            exception_class = NoSuchElementException\n        elif status in ErrorCode.NO_SUCH_FRAME:\n            exception_class = NoSuchFrameException\n        elif status in ErrorCode.NO_SUCH_SHADOW_ROOT:\n            exception_class = NoSuchShadowRootException\n        elif status in ErrorCode.NO_SUCH_WINDOW:\n            exception_class = NoSuchWindowException\n        elif status in ErrorCode.STALE_ELEMENT_REFERENCE:\n            exception_class = StaleElementReferenceException\n        elif status in ErrorCode.ELEMENT_NOT_VISIBLE:\n            exception_class = ElementNotVisibleException\n        elif status in ErrorCode.INVALID_ELEMENT_STATE:\n            exception_class = InvalidElementStateException\n        elif status in ErrorCode.INVALID_SELECTOR \\\n                or status in ErrorCode.INVALID_XPATH_SELECTOR \\\n                or status in ErrorCode.INVALID_XPATH_SELECTOR_RETURN_TYPER:\n            exception_class = InvalidSelectorException\n        elif status in ErrorCode.ELEMENT_IS_NOT_SELECTABLE:\n            exception_class = ElementNotSelectableException\n        elif status in ErrorCode.ELEMENT_NOT_INTERACTABLE:\n            exception_class = ElementNotInteractableException\n        elif status in ErrorCode.INVALID_COOKIE_DOMAIN:\n            exception_class = InvalidCookieDomainException\n        elif status in ErrorCode.UNABLE_TO_SET_COOKIE:\n            exception_class = UnableToSetCookieException\n        elif status in ErrorCode.TIMEOUT:\n            exception_class = TimeoutException\n        elif status in ErrorCode.SCRIPT_TIMEOUT:\n            exception_class = TimeoutException\n        elif status in ErrorCode.UNKNOWN_ERROR:\n            exception_class = WebDriverException\n        elif status in ErrorCode.UNEXPECTED_ALERT_OPEN:\n            exception_class = UnexpectedAlertPresentException\n        elif status in ErrorCode.NO_ALERT_OPEN:\n            exception_class = NoAlertPresentException\n        elif status in ErrorCode.IME_NOT_AVAILABLE:\n            exception_class = ImeNotAvailableException\n        elif status in ErrorCode.IME_ENGINE_ACTIVATION_FAILED:\n            exception_class = ImeActivationFailedException\n        elif status in ErrorCode.MOVE_TARGET_OUT_OF_BOUNDS:\n            exception_class = MoveTargetOutOfBoundsException\n        elif status in ErrorCode.JAVASCRIPT_ERROR:\n            exception_class = JavascriptException\n        elif status in ErrorCode.SESSION_NOT_CREATED:\n            exception_class = SessionNotCreatedException\n        elif status in ErrorCode.INVALID_ARGUMENT:\n            exception_class = InvalidArgumentException\n        elif status in ErrorCode.NO_SUCH_COOKIE:\n            exception_class = NoSuchCookieException\n        elif status in ErrorCode.UNABLE_TO_CAPTURE_SCREEN:\n            exception_class = ScreenshotException\n        elif status in ErrorCode.ELEMENT_CLICK_INTERCEPTED:\n            exception_class = ElementClickInterceptedException\n        elif status in ErrorCode.INSECURE_CERTIFICATE:\n            exception_class = InsecureCertificateException\n        elif status in ErrorCode.INVALID_COORDINATES:\n            exception_class = InvalidCoordinatesException\n        elif status in ErrorCode.INVALID_SESSION_ID:\n            exception_class = InvalidSessionIdException\n        elif status in ErrorCode.UNKNOWN_METHOD:\n            exception_class = UnknownMethodException\n        else:\n            exception_class = WebDriverException\n        if not value:\n            value = response['value']\n        if isinstance(value, str):\n            raise exception_class(value)\n        if message == \"\" and 'message' in value:\n            message = value['message']\n    \n        screen = None  # type: ignore[assignment]\n        if 'screen' in value:\n            screen = value['screen']\n    \n        stacktrace = None\n        st_value = value.get('stackTrace') or value.get('stacktrace')\n        if st_value:\n            if isinstance(st_value, str):\n                stacktrace = st_value.split('\\n')\n            else:\n                stacktrace = []\n                try:\n                    for frame in st_value:\n                        line = self._value_or_default(frame, 'lineNumber', '')\n                        file = self._value_or_default(frame, 'fileName', '<anonymous>')\n                        if line:\n                            file = \"%s:%s\" % (file, line)\n                        meth = self._value_or_default(frame, 'methodName', '<anonymous>')\n                        if 'className' in frame:\n                            meth = \"%s.%s\" % (frame['className'], meth)\n                        msg = \"    at %s (%s)\"\n                        msg = msg % (meth, file)\n                        stacktrace.append(msg)\n                except TypeError:\n                    pass\n        if exception_class == UnexpectedAlertPresentException:\n            alert_text = None\n            if 'data' in value:\n                alert_text = value['data'].get('text')\n            elif 'alert' in value:\n                alert_text = value['alert'].get('text')\n            raise exception_class(message, screen, stacktrace, alert_text)  # type: ignore[call-arg]  # mypy is not smart enough here\n>       raise exception_class(message, screen, stacktrace)\nE       selenium.common.exceptions.NoSuchElementException: Message: no such element: Unable to locate element: {\"method\":\"xpath\",\"selector\":\"//*[@id=\"pane-0\"]/form/div[1]/div/div/div[1]/input\"}\nE         (Session info: chrome=97.0.4692.71)\nE       Stacktrace:\nE       Backtrace:\nE       \tOrdinal0 [0x0069FDC3+2555331]\nE       \tOrdinal0 [0x006377F1+2127857]\nE       \tOrdinal0 [0x00532E08+1060360]\nE       \tOrdinal0 [0x0055E49E+1238174]\nE       \tOrdinal0 [0x0055E69B+1238683]\nE       \tOrdinal0 [0x00589252+1413714]\nE       \tOrdinal0 [0x00577B54+1342292]\nE       \tOrdinal0 [0x005875FA+1406458]\nE       \tOrdinal0 [0x00577976+1341814]\nE       \tOrdinal0 [0x005536B6+1193654]\nE       \tOrdinal0 [0x00554546+1197382]\nE       \tGetHandleVerifier [0x00839622+1619522]\nE       \tGetHandleVerifier [0x008E882C+2336844]\nE       \tGetHandleVerifier [0x007323E1+541697]\nE       \tGetHandleVerifier [0x00731443+537699]\nE       \tOrdinal0 [0x0063D18E+2150798]\nE       \tOrdinal0 [0x00641518+2168088]\nE       \tOrdinal0 [0x00641660+2168416]\nE       \tOrdinal0 [0x0064B330+2208560]\nE       \tBaseThreadInitThunk [0x75D5FA29+25]\nE       \tRtlGetAppContainerNamedObjectPath [0x76F47A7E+286]\nE       \tRtlGetAppContainerNamedObjectPath [0x76F47A4E+238]\n\nC:\\Program Files\\Python38\\lib\\site-packages\\selenium\\webdriver\\remote\\errorhandler.py:247: NoSuchElementException",
    "steps" : [ {
      "name" : "填入基本信息",
      "time" : {
        "start" : 1646966130041,
        "stop" : 1646966134915,
        "duration" : 4874
      },
      "status" : "passed",
      "steps" : [ ],
      "attachments" : [ ],
      "parameters" : [ ],
      "attachmentsCount" : 0,
      "shouldDisplayMessage" : false,
      "stepsCount" : 0,
      "hasContent" : false
    }, {
      "name" : "点击新增规则组按钮",
      "time" : {
        "start" : 1646966134915,
        "stop" : 1646966135241,
        "duration" : 326
      },
      "status" : "passed",
      "steps" : [ ],
      "attachments" : [ ],
      "parameters" : [ ],
      "attachmentsCount" : 0,
      "shouldDisplayMessage" : false,
      "stepsCount" : 0,
      "hasContent" : false
    }, {
      "name" : "填写新增规则组内容",
      "time" : {
        "start" : 1646966135241,
        "stop" : 1646966145309,
        "duration" : 10068
      },
      "status" : "broken",
      "statusMessage" : "selenium.common.exceptions.NoSuchElementException: Message: no such element: Unable to locate element: {\"method\":\"xpath\",\"selector\":\"//*[@id=\"pane-0\"]/form/div[1]/div/div/div[1]/input\"}\n  (Session info: chrome=97.0.4692.71)\nStacktrace:\nBacktrace:\n\tOrdinal0 [0x0069FDC3+2555331]\n\tOrdinal0 [0x006377F1+2127857]\n\tOrdinal0 [0x00532E08+1060360]\n\tOrdinal0 [0x0055E49E+1238174]\n\tOrdinal0 [0x0055E69B+1238683]\n\tOrdinal0 [0x00589252+1413714]\n\tOrdinal0 [0x00577B54+1342292]\n\tOrdinal0 [0x005875FA+1406458]\n\tOrdinal0 [0x00577976+1341814]\n\tOrdinal0 [0x005536B6+1193654]\n\tOrdinal0 [0x00554546+1197382]\n\tGetHandleVerifier [0x00839622+1619522]\n\tGetHandleVerifier [0x008E882C+2336844]\n\tGetHandleVerifier [0x007323E1+541697]\n\tGetHandleVerifier [0x00731443+537699]\n\tOrdinal0 [0x0063D18E+2150798]\n\tOrdinal0 [0x00641518+2168088]\n\tOrdinal0 [0x00641660+2168416]\n\tOrdinal0 [0x0064B330+2208560]\n\tBaseThreadInitThunk [0x75D5FA29+25]\n\tRtlGetAppContainerNamedObjectPath [0x76F47A7E+286]\n\tRtlGetAppContainerNamedObjectPath [0x76F47A4E+238]\n\n",
      "statusTrace" : "  File \"F:\\room\\tx\\Suites\\sc\\coupons\\test_addcoupons.py\", line 788, in test_guize7\n    element1 = self.find(\n  File \"F:\\room\\tx\\txhoutai\\webkeys1.py\", line 76, in find\n    element1 = self.driver.find_element(By.XPATH, locator)\n  File \"C:\\Program Files\\Python38\\lib\\site-packages\\selenium\\webdriver\\remote\\webdriver.py\", line 1248, in find_element\n    return self.execute(Command.FIND_ELEMENT, {\n  File \"C:\\Program Files\\Python38\\lib\\site-packages\\selenium\\webdriver\\remote\\webdriver.py\", line 425, in execute\n    self.error_handler.check_response(response)\n  File \"C:\\Program Files\\Python38\\lib\\site-packages\\selenium\\webdriver\\remote\\errorhandler.py\", line 247, in check_response\n    raise exception_class(message, screen, stacktrace)\n",
      "steps" : [ ],
      "attachments" : [ ],
      "parameters" : [ ],
      "attachmentsCount" : 0,
      "shouldDisplayMessage" : true,
      "stepsCount" : 0,
      "hasContent" : true
    } ],
    "attachments" : [ ],
    "parameters" : [ ],
    "attachmentsCount" : 0,
    "shouldDisplayMessage" : true,
    "stepsCount" : 3,
    "hasContent" : true
  },
  "afterStages" : [ {
    "name" : "_xunit_setup_method_fixture_Test_addcoupons::0",
    "time" : {
      "start" : 1646966145343,
      "stop" : 1646966149443,
      "duration" : 4100
    },
    "status" : "passed",
    "steps" : [ {
      "name" : "测试结束，关闭浏览器",
      "time" : {
        "start" : 1646966145343,
        "stop" : 1646966149443,
        "duration" : 4100
      },
      "status" : "passed",
      "steps" : [ ],
      "attachments" : [ ],
      "parameters" : [ ],
      "attachmentsCount" : 0,
      "shouldDisplayMessage" : false,
      "stepsCount" : 0,
      "hasContent" : false
    } ],
    "attachments" : [ ],
    "parameters" : [ ],
    "attachmentsCount" : 0,
    "shouldDisplayMessage" : false,
    "stepsCount" : 1,
    "hasContent" : true
  } ],
  "labels" : [ {
    "name" : "story",
    "value" : "新增发放规则"
  }, {
    "name" : "feature",
    "value" : "发放规则模块"
  }, {
    "name" : "severity",
    "value" : "normal"
  }, {
    "name" : "epic",
    "value" : "后台商城系统"
  }, {
    "name" : "parentSuite",
    "value" : "sc.coupons"
  }, {
    "name" : "suite",
    "value" : "test_addcoupons"
  }, {
    "name" : "subSuite",
    "value" : "Test_addcoupons"
  }, {
    "name" : "host",
    "value" : "WIN-UJCKUL337GH"
  }, {
    "name" : "thread",
    "value" : "5840-MainThread"
  }, {
    "name" : "framework",
    "value" : "pytest"
  }, {
    "name" : "language",
    "value" : "cpython3"
  }, {
    "name" : "package",
    "value" : "sc.coupons.test_addcoupons"
  }, {
    "name" : "resultFormat",
    "value" : "allure2"
  } ],
  "parameters" : [ ],
  "links" : [ ],
  "hidden" : true,
  "retry" : true,
  "extra" : {
    "categories" : [ ],
    "tags" : [ ]
  },
  "source" : "70975697f6218ed7.json",
  "parameterValues" : [ ]
}