{"name": "新增规则的流程测试", "status": "broken", "statusDetails": {"message": "selenium.common.exceptions.StaleElementReferenceException: Message: stale element reference: element is not attached to the page document\n  (Session info: chrome=97.0.4692.71)\nStacktrace:\nBacktrace:\n\tOrdinal0 [0x0069FDC3+2555331]\n\tOrdinal0 [0x006377F1+2127857]\n\tOrdinal0 [0x00532E08+1060360]\n\tOrdinal0 [0x00535524+1070372]\n\tOrdinal0 [0x005353EE+1070062]\n\tOrdinal0 [0x00535650+1070672]\n\tOrdinal0 [0x005646A1+1263265]\n\tOrdinal0 [0x00562673+1255027]\n\tOrdinal0 [0x0056076B+1247083]\n\tOrdinal0 [0x0055F559+1242457]\n\tOrdinal0 [0x00554FB3+1200051]\n\tOrdinal0 [0x00577B0C+1342220]\n\tOrdinal0 [0x00554984+1198468]\n\tOrdinal0 [0x00577C14+1342484]\n\tOrdinal0 [0x005875FA+1406458]\n\tOrdinal0 [0x00577976+1341814]\n\tOrdinal0 [0x005536B6+1193654]\n\tOrdinal0 [0x00554546+1197382]\n\tGetHandleVerifier [0x00839622+1619522]\n\tGetHandleVerifier [0x008E882C+2336844]\n\tGetHandleVerifier [0x007323E1+541697]\n\tGetHandleVerifier [0x00731443+537699]\n\tOrdinal0 [0x0063D18E+2150798]\n\tOrdinal0 [0x00641518+2168088]\n\tOrdinal0 [0x00641660+2168416]\n\tOrdinal0 [0x0064B330+2208560]\n\tBaseThreadInitThunk [0x75D5FA29+25]\n\tRtlGetAppContainerNamedObjectPath [0x76F47A7E+286]\n\tRtlGetAppContainerNamedObjectPath [0x76F47A4E+238]", "trace": "self = <Suites.sc.coupons.test_addcoupons.Test_addcoupons object at 0x0000020E88AE3760>\n\n    @allure.epic('后台商城系统')\n    @allure.feature('发放规则模块')\n    @allure.story(\"新增发放规则\")\n    @allure.title('新增规则的流程测试')\n    @pytest.mark.flaky(reruns=1, reruns_delay=1)\n    @allure.severity(allure.severity_level.CRITICAL)\n    def test_addcoupon(self):\n        \"\"\"\n        新增发放规则的流程测试\n        :return:\n        \"\"\"\n        with allure.step(\"点击新增规则按钮\"):\n>           self.click('//*[@id=\"app\"]/div/div[2]/section/div/div[1]/button')\n\nsc\\coupons\\test_addcoupons.py:51: \n_ _ _ _ _ _ _ _ _ _ _ _ _ _ _ _ _ _ _ _ _ _ _ _ _ _ _ _ _ _ _ _ _ _ _ _ _ _ _ _\n..\\txhoutai\\webkeys1.py:48: in click\n    self.driver.find_element(By.XPATH, locator).click()\nC:\\Program Files\\Python38\\lib\\site-packages\\selenium\\webdriver\\remote\\webelement.py:81: in click\n    self._execute(Command.CLICK_ELEMENT)\nC:\\Program Files\\Python38\\lib\\site-packages\\selenium\\webdriver\\remote\\webelement.py:710: in _execute\n    return self._parent.execute(command, params)\nC:\\Program Files\\Python38\\lib\\site-packages\\selenium\\webdriver\\remote\\webdriver.py:425: in execute\n    self.error_handler.check_response(response)\n_ _ _ _ _ _ _ _ _ _ _ _ _ _ _ _ _ _ _ _ _ _ _ _ _ _ _ _ _ _ _ _ _ _ _ _ _ _ _ _\n\nself = <selenium.webdriver.remote.errorhandler.ErrorHandler object at 0x0000020E88B3F220>\nresponse = {'status': 404, 'value': '{\"value\":{\"error\":\"stale element reference\",\"message\":\"stale element reference: element is n...\\n\\\\tRtlGetAppContainerNamedObjectPath [0x76F47A7E+286]\\\\n\\\\tRtlGetAppContainerNamedObjectPath [0x76F47A4E+238]\\\\n\"}}'}\n\n    def check_response(self, response: Dict[str, Any]) -> None:\n        \"\"\"\n        Checks that a JSON response from the WebDriver does not have an error.\n    \n        :Args:\n         - response - The JSON response from the WebDriver server as a dictionary\n           object.\n    \n        :Raises: If the response contains an error message.\n        \"\"\"\n        status = response.get('status', None)\n        if not status or status == ErrorCode.SUCCESS:\n            return\n        value = None\n        message = response.get(\"message\", \"\")\n        screen: str = response.get(\"screen\", \"\")\n        stacktrace = None\n        if isinstance(status, int):\n            value_json = response.get('value', None)\n            if value_json and isinstance(value_json, str):\n                import json\n                try:\n                    value = json.loads(value_json)\n                    if len(value.keys()) == 1:\n                        value = value['value']\n                    status = value.get('error', None)\n                    if not status:\n                        status = value.get(\"status\", ErrorCode.UNKNOWN_ERROR)\n                        message = value.get(\"value\") or value.get(\"message\")\n                        if not isinstance(message, str):\n                            value = message\n                            message = message.get('message')\n                    else:\n                        message = value.get('message', None)\n                except ValueError:\n                    pass\n    \n        exception_class: Type[WebDriverException]\n        if status in ErrorCode.NO_SUCH_ELEMENT:\n            exception_class = NoSuchElementException\n        elif status in ErrorCode.NO_SUCH_FRAME:\n            exception_class = NoSuchFrameException\n        elif status in ErrorCode.NO_SUCH_SHADOW_ROOT:\n            exception_class = NoSuchShadowRootException\n        elif status in ErrorCode.NO_SUCH_WINDOW:\n            exception_class = NoSuchWindowException\n        elif status in ErrorCode.STALE_ELEMENT_REFERENCE:\n            exception_class = StaleElementReferenceException\n        elif status in ErrorCode.ELEMENT_NOT_VISIBLE:\n            exception_class = ElementNotVisibleException\n        elif status in ErrorCode.INVALID_ELEMENT_STATE:\n            exception_class = InvalidElementStateException\n        elif status in ErrorCode.INVALID_SELECTOR \\\n                or status in ErrorCode.INVALID_XPATH_SELECTOR \\\n                or status in ErrorCode.INVALID_XPATH_SELECTOR_RETURN_TYPER:\n            exception_class = InvalidSelectorException\n        elif status in ErrorCode.ELEMENT_IS_NOT_SELECTABLE:\n            exception_class = ElementNotSelectableException\n        elif status in ErrorCode.ELEMENT_NOT_INTERACTABLE:\n            exception_class = ElementNotInteractableException\n        elif status in ErrorCode.INVALID_COOKIE_DOMAIN:\n            exception_class = InvalidCookieDomainException\n        elif status in ErrorCode.UNABLE_TO_SET_COOKIE:\n            exception_class = UnableToSetCookieException\n        elif status in ErrorCode.TIMEOUT:\n            exception_class = TimeoutException\n        elif status in ErrorCode.SCRIPT_TIMEOUT:\n            exception_class = TimeoutException\n        elif status in ErrorCode.UNKNOWN_ERROR:\n            exception_class = WebDriverException\n        elif status in ErrorCode.UNEXPECTED_ALERT_OPEN:\n            exception_class = UnexpectedAlertPresentException\n        elif status in ErrorCode.NO_ALERT_OPEN:\n            exception_class = NoAlertPresentException\n        elif status in ErrorCode.IME_NOT_AVAILABLE:\n            exception_class = ImeNotAvailableException\n        elif status in ErrorCode.IME_ENGINE_ACTIVATION_FAILED:\n            exception_class = ImeActivationFailedException\n        elif status in ErrorCode.MOVE_TARGET_OUT_OF_BOUNDS:\n            exception_class = MoveTargetOutOfBoundsException\n        elif status in ErrorCode.JAVASCRIPT_ERROR:\n            exception_class = JavascriptException\n        elif status in ErrorCode.SESSION_NOT_CREATED:\n            exception_class = SessionNotCreatedException\n        elif status in ErrorCode.INVALID_ARGUMENT:\n            exception_class = InvalidArgumentException\n        elif status in ErrorCode.NO_SUCH_COOKIE:\n            exception_class = NoSuchCookieException\n        elif status in ErrorCode.UNABLE_TO_CAPTURE_SCREEN:\n            exception_class = ScreenshotException\n        elif status in ErrorCode.ELEMENT_CLICK_INTERCEPTED:\n            exception_class = ElementClickInterceptedException\n        elif status in ErrorCode.INSECURE_CERTIFICATE:\n            exception_class = InsecureCertificateException\n        elif status in ErrorCode.INVALID_COORDINATES:\n            exception_class = InvalidCoordinatesException\n        elif status in ErrorCode.INVALID_SESSION_ID:\n            exception_class = InvalidSessionIdException\n        elif status in ErrorCode.UNKNOWN_METHOD:\n            exception_class = UnknownMethodException\n        else:\n            exception_class = WebDriverException\n        if not value:\n            value = response['value']\n        if isinstance(value, str):\n            raise exception_class(value)\n        if message == \"\" and 'message' in value:\n            message = value['message']\n    \n        screen = None  # type: ignore[assignment]\n        if 'screen' in value:\n            screen = value['screen']\n    \n        stacktrace = None\n        st_value = value.get('stackTrace') or value.get('stacktrace')\n        if st_value:\n            if isinstance(st_value, str):\n                stacktrace = st_value.split('\\n')\n            else:\n                stacktrace = []\n                try:\n                    for frame in st_value:\n                        line = self._value_or_default(frame, 'lineNumber', '')\n                        file = self._value_or_default(frame, 'fileName', '<anonymous>')\n                        if line:\n                            file = \"%s:%s\" % (file, line)\n                        meth = self._value_or_default(frame, 'methodName', '<anonymous>')\n                        if 'className' in frame:\n                            meth = \"%s.%s\" % (frame['className'], meth)\n                        msg = \"    at %s (%s)\"\n                        msg = msg % (meth, file)\n                        stacktrace.append(msg)\n                except TypeError:\n                    pass\n        if exception_class == UnexpectedAlertPresentException:\n            alert_text = None\n            if 'data' in value:\n                alert_text = value['data'].get('text')\n            elif 'alert' in value:\n                alert_text = value['alert'].get('text')\n            raise exception_class(message, screen, stacktrace, alert_text)  # type: ignore[call-arg]  # mypy is not smart enough here\n>       raise exception_class(message, screen, stacktrace)\nE       selenium.common.exceptions.StaleElementReferenceException: Message: stale element reference: element is not attached to the page document\nE         (Session info: chrome=97.0.4692.71)\nE       Stacktrace:\nE       Backtrace:\nE       \tOrdinal0 [0x0069FDC3+2555331]\nE       \tOrdinal0 [0x006377F1+2127857]\nE       \tOrdinal0 [0x00532E08+1060360]\nE       \tOrdinal0 [0x00535524+1070372]\nE       \tOrdinal0 [0x005353EE+1070062]\nE       \tOrdinal0 [0x00535650+1070672]\nE       \tOrdinal0 [0x005646A1+1263265]\nE       \tOrdinal0 [0x00562673+1255027]\nE       \tOrdinal0 [0x0056076B+1247083]\nE       \tOrdinal0 [0x0055F559+1242457]\nE       \tOrdinal0 [0x00554FB3+1200051]\nE       \tOrdinal0 [0x00577B0C+1342220]\nE       \tOrdinal0 [0x00554984+1198468]\nE       \tOrdinal0 [0x00577C14+1342484]\nE       \tOrdinal0 [0x005875FA+1406458]\nE       \tOrdinal0 [0x00577976+1341814]\nE       \tOrdinal0 [0x005536B6+1193654]\nE       \tOrdinal0 [0x00554546+1197382]\nE       \tGetHandleVerifier [0x00839622+1619522]\nE       \tGetHandleVerifier [0x008E882C+2336844]\nE       \tGetHandleVerifier [0x007323E1+541697]\nE       \tGetHandleVerifier [0x00731443+537699]\nE       \tOrdinal0 [0x0063D18E+2150798]\nE       \tOrdinal0 [0x00641518+2168088]\nE       \tOrdinal0 [0x00641660+2168416]\nE       \tOrdinal0 [0x0064B330+2208560]\nE       \tBaseThreadInitThunk [0x75D5FA29+25]\nE       \tRtlGetAppContainerNamedObjectPath [0x76F47A7E+286]\nE       \tRtlGetAppContainerNamedObjectPath [0x76F47A4E+238]\n\nC:\\Program Files\\Python38\\lib\\site-packages\\selenium\\webdriver\\remote\\errorhandler.py:247: StaleElementReferenceException"}, "description": "\n        新增发放规则的流程测试\n        :return:\n        ", "steps": [{"name": "点击新增规则按钮", "status": "broken", "statusDetails": {"message": "selenium.common.exceptions.StaleElementReferenceException: Message: stale element reference: element is not attached to the page document\n  (Session info: chrome=97.0.4692.71)\nStacktrace:\nBacktrace:\n\tOrdinal0 [0x0069FDC3+2555331]\n\tOrdinal0 [0x006377F1+2127857]\n\tOrdinal0 [0x00532E08+1060360]\n\tOrdinal0 [0x00535524+1070372]\n\tOrdinal0 [0x005353EE+1070062]\n\tOrdinal0 [0x00535650+1070672]\n\tOrdinal0 [0x005646A1+1263265]\n\tOrdinal0 [0x00562673+1255027]\n\tOrdinal0 [0x0056076B+1247083]\n\tOrdinal0 [0x0055F559+1242457]\n\tOrdinal0 [0x00554FB3+1200051]\n\tOrdinal0 [0x00577B0C+1342220]\n\tOrdinal0 [0x00554984+1198468]\n\tOrdinal0 [0x00577C14+1342484]\n\tOrdinal0 [0x005875FA+1406458]\n\tOrdinal0 [0x00577976+1341814]\n\tOrdinal0 [0x005536B6+1193654]\n\tOrdinal0 [0x00554546+1197382]\n\tGetHandleVerifier [0x00839622+1619522]\n\tGetHandleVerifier [0x008E882C+2336844]\n\tGetHandleVerifier [0x007323E1+541697]\n\tGetHandleVerifier [0x00731443+537699]\n\tOrdinal0 [0x0063D18E+2150798]\n\tOrdinal0 [0x00641518+2168088]\n\tOrdinal0 [0x00641660+2168416]\n\tOrdinal0 [0x0064B330+2208560]\n\tBaseThreadInitThunk [0x75D5FA29+25]\n\tRtlGetAppContainerNamedObjectPath [0x76F47A7E+286]\n\tRtlGetAppContainerNamedObjectPath [0x76F47A4E+238]\n\n", "trace": "  File \"F:\\room\\tx\\Suites\\sc\\coupons\\test_addcoupons.py\", line 51, in test_addcoupon\n    self.click('//*[@id=\"app\"]/div/div[2]/section/div/div[1]/button')\n  File \"F:\\room\\tx\\txhoutai\\webkeys1.py\", line 48, in click\n    self.driver.find_element(By.XPATH, locator).click()\n  File \"C:\\Program Files\\Python38\\lib\\site-packages\\selenium\\webdriver\\remote\\webelement.py\", line 81, in click\n    self._execute(Command.CLICK_ELEMENT)\n  File \"C:\\Program Files\\Python38\\lib\\site-packages\\selenium\\webdriver\\remote\\webelement.py\", line 710, in _execute\n    return self._parent.execute(command, params)\n  File \"C:\\Program Files\\Python38\\lib\\site-packages\\selenium\\webdriver\\remote\\webdriver.py\", line 425, in execute\n    self.error_handler.check_response(response)\n  File \"C:\\Program Files\\Python38\\lib\\site-packages\\selenium\\webdriver\\remote\\errorhandler.py\", line 247, in check_response\n    raise exception_class(message, screen, stacktrace)\n"}, "start": 1646970998972, "stop": 1646970999066}], "start": 1646970998972, "stop": 1646970999068, "uuid": "3a19c118-7b95-4d77-89a3-8e0de31c788e", "historyId": "aa99f107850a0686b9c22e3aee6e2e5c", "testCaseId": "818508d1aaf835c643b72b18e17ec900", "fullName": "sc.coupons.test_addcoupons.Test_addcoupons#test_addcoupon", "labels": [{"name": "epic", "value": "后台商城系统"}, {"name": "feature", "value": "发放规则模块"}, {"name": "story", "value": "新增发放规则"}, {"name": "severity", "value": "critical"}, {"name": "tag", "value": "flaky(reruns=1, reruns_delay=1)"}, {"name": "parentSuite", "value": "sc.coupons"}, {"name": "suite", "value": "test_addcoupons"}, {"name": "subSuite", "value": "Test_addcoupons"}, {"name": "host", "value": "WIN-UJCKUL337GH"}, {"name": "thread", "value": "2140-MainThread"}, {"name": "framework", "value": "pytest"}, {"name": "language", "value": "cpython3"}, {"name": "package", "value": "sc.coupons.test_addcoupons"}]}