{"name": "多条子规则的流程测试", "status": "broken", "statusDetails": {"message": "selenium.common.exceptions.ElementNotInteractableException: Message: element not interactable: [object HTMLInputElement] has no size and location\n  (Session info: chrome=97.0.4692.71)\nStacktrace:\nBacktrace:\n\tOrdinal0 [0x0040FDC3+2555331]\n\tOrdinal0 [0x003A77F1+2127857]\n\tOrdinal0 [0x002A2E08+1060360]\n\tOrdinal0 [0x002A5524+1070372]\n\tOrdinal0 [0x002A53EE+1070062]\n\tOrdinal0 [0x002A5650+1070672]\n\tOrdinal0 [0x002D3DCF+1261007]\n\tOrdinal0 [0x002D3486+1258630]\n\tOrdinal0 [0x002FE69E+1435294]\n\tOrdinal0 [0x002E7B0C+1342220]\n\tOrdinal0 [0x002F75FA+1406458]\n\tOrdinal0 [0x002E7976+1341814]\n\tOrdinal0 [0x002C36B6+1193654]\n\tOrdinal0 [0x002C4546+1197382]\n\tGetHandleVerifier [0x005A9622+1619522]\n\tGetHandleVerifier [0x0065882C+2336844]\n\tGetHandleVerifier [0x004A23E1+541697]\n\tGetHandleVerifier [0x004A1443+537699]\n\tOrdinal0 [0x003AD18E+2150798]\n\tOrdinal0 [0x003B1518+2168088]\n\tOrdinal0 [0x003B1660+2168416]\n\tOrdinal0 [0x003BB330+2208560]\n\tBaseThreadInitThunk [0x759FFA29+25]\n\tRtlGetAppContainerNamedObjectPath [0x77507A7E+286]\n\tRtlGetAppContainerNamedObjectPath [0x77507A4E+238]", "trace": "self = <Suites.sc.coupons.test_addcoupons.Test_addcoupons object at 0x0000012EFAD3D8B0>\n\n    @allure.epic('后台商城系统')\n    @allure.feature('发放规则模块')\n    @allure.story(\"新增发放规则\")\n    @allure.title('多条子规则的流程测试')\n    @allure.severity(allure.severity_level.NORMAL)\n    def test_guize6(self):\n        '''\n        检测包含多条子规则的流程测试\n        :return:\n        '''\n        with allure.step(\"填入基本信息\"):\n            self.url('https://pre-release.jyhk.com/txga/mall/#/marketing/marketing')\n            time.sleep(1)\n            self.click('//*[@id=\"app\"]/div/div[2]/section/div/div[2]/div[3]/table/tbody/tr/td[9]/div/button[3]/span')\n            # 规则名称输入\n            self.click('//*[@id=\"app\"]/div/div[2]/section/div/div[1]/div[2]/form/div[1]/div/div[1]/input')\n            self.input('//*[@id=\"app\"]/div/div[2]/section/div/div[1]/div[2]/form/div[1]/div/div[1]/input', 'timedemo')\n            # 输入规则描述\n            self.click('//*[@id=\"app\"]/div/div[2]/section/div/div[1]/div[2]/form/div[2]/div/div[1]/input')\n            self.input('//*[@id=\"app\"]/div/div[2]/section/div/div[1]/div[2]/form/div[2]/div/div[1]/input', '自动化测试')\n            time.sleep(2)\n        with allure.step('点击增加子规则按钮'):\n            element1 = self.find('//*[@id=\"app\"]/div/div[2]/section/div/div[2]/div[2]/div[1]/button')\n            ActionChains(self.driver).move_to_element(element1).click().perform()\n        with allure.step('切换至子规则2'):\n            list2 = self.driver.find_elements(By.TAG_NAME, 'div')\n            for element3 in list2:\n                if element3.get_attribute(\"id\") == 'tab-1':\n                    ActionChains(self.driver).move_to_element(element3).click().perform()\n                    break\n        with allure.step('填写新建子规则的商品内容'):\n            # 选择消费金额规则类型\n            list3 = self.driver.find_elements(By.TAG_NAME, 'input')\n            for element4 in list3:\n                if element4.get_attribute(\"placeholder\") == '请选择规则类型':\n>                   ActionChains(self.driver).move_to_element(element4).click(element4).perform()\n\nsc\\coupons\\test_addcoupons.py:732: \n_ _ _ _ _ _ _ _ _ _ _ _ _ _ _ _ _ _ _ _ _ _ _ _ _ _ _ _ _ _ _ _ _ _ _ _ _ _ _ _\nC:\\Program Files\\Python38\\lib\\site-packages\\selenium\\webdriver\\common\\action_chains.py:75: in perform\n    self.w3c_actions.perform()\nC:\\Program Files\\Python38\\lib\\site-packages\\selenium\\webdriver\\common\\actions\\action_builder.py:88: in perform\n    self.driver.execute(Command.W3C_ACTIONS, enc)\nC:\\Program Files\\Python38\\lib\\site-packages\\selenium\\webdriver\\remote\\webdriver.py:425: in execute\n    self.error_handler.check_response(response)\n_ _ _ _ _ _ _ _ _ _ _ _ _ _ _ _ _ _ _ _ _ _ _ _ _ _ _ _ _ _ _ _ _ _ _ _ _ _ _ _\n\nself = <selenium.webdriver.remote.errorhandler.ErrorHandler object at 0x0000012EFBEF3CA0>\nresponse = {'status': 400, 'value': '{\"value\":{\"error\":\"element not interactable\",\"message\":\"element not interactable: [object HT...\\n\\\\tRtlGetAppContainerNamedObjectPath [0x77507A7E+286]\\\\n\\\\tRtlGetAppContainerNamedObjectPath [0x77507A4E+238]\\\\n\"}}'}\n\n    def check_response(self, response: Dict[str, Any]) -> None:\n        \"\"\"\n        Checks that a JSON response from the WebDriver does not have an error.\n    \n        :Args:\n         - response - The JSON response from the WebDriver server as a dictionary\n           object.\n    \n        :Raises: If the response contains an error message.\n        \"\"\"\n        status = response.get('status', None)\n        if not status or status == ErrorCode.SUCCESS:\n            return\n        value = None\n        message = response.get(\"message\", \"\")\n        screen: str = response.get(\"screen\", \"\")\n        stacktrace = None\n        if isinstance(status, int):\n            value_json = response.get('value', None)\n            if value_json and isinstance(value_json, str):\n                import json\n                try:\n                    value = json.loads(value_json)\n                    if len(value.keys()) == 1:\n                        value = value['value']\n                    status = value.get('error', None)\n                    if not status:\n                        status = value.get(\"status\", ErrorCode.UNKNOWN_ERROR)\n                        message = value.get(\"value\") or value.get(\"message\")\n                        if not isinstance(message, str):\n                            value = message\n                            message = message.get('message')\n                    else:\n                        message = value.get('message', None)\n                except ValueError:\n                    pass\n    \n        exception_class: Type[WebDriverException]\n        if status in ErrorCode.NO_SUCH_ELEMENT:\n            exception_class = NoSuchElementException\n        elif status in ErrorCode.NO_SUCH_FRAME:\n            exception_class = NoSuchFrameException\n        elif status in ErrorCode.NO_SUCH_SHADOW_ROOT:\n            exception_class = NoSuchShadowRootException\n        elif status in ErrorCode.NO_SUCH_WINDOW:\n            exception_class = NoSuchWindowException\n        elif status in ErrorCode.STALE_ELEMENT_REFERENCE:\n            exception_class = StaleElementReferenceException\n        elif status in ErrorCode.ELEMENT_NOT_VISIBLE:\n            exception_class = ElementNotVisibleException\n        elif status in ErrorCode.INVALID_ELEMENT_STATE:\n            exception_class = InvalidElementStateException\n        elif status in ErrorCode.INVALID_SELECTOR \\\n                or status in ErrorCode.INVALID_XPATH_SELECTOR \\\n                or status in ErrorCode.INVALID_XPATH_SELECTOR_RETURN_TYPER:\n            exception_class = InvalidSelectorException\n        elif status in ErrorCode.ELEMENT_IS_NOT_SELECTABLE:\n            exception_class = ElementNotSelectableException\n        elif status in ErrorCode.ELEMENT_NOT_INTERACTABLE:\n            exception_class = ElementNotInteractableException\n        elif status in ErrorCode.INVALID_COOKIE_DOMAIN:\n            exception_class = InvalidCookieDomainException\n        elif status in ErrorCode.UNABLE_TO_SET_COOKIE:\n            exception_class = UnableToSetCookieException\n        elif status in ErrorCode.TIMEOUT:\n            exception_class = TimeoutException\n        elif status in ErrorCode.SCRIPT_TIMEOUT:\n            exception_class = TimeoutException\n        elif status in ErrorCode.UNKNOWN_ERROR:\n            exception_class = WebDriverException\n        elif status in ErrorCode.UNEXPECTED_ALERT_OPEN:\n            exception_class = UnexpectedAlertPresentException\n        elif status in ErrorCode.NO_ALERT_OPEN:\n            exception_class = NoAlertPresentException\n        elif status in ErrorCode.IME_NOT_AVAILABLE:\n            exception_class = ImeNotAvailableException\n        elif status in ErrorCode.IME_ENGINE_ACTIVATION_FAILED:\n            exception_class = ImeActivationFailedException\n        elif status in ErrorCode.MOVE_TARGET_OUT_OF_BOUNDS:\n            exception_class = MoveTargetOutOfBoundsException\n        elif status in ErrorCode.JAVASCRIPT_ERROR:\n            exception_class = JavascriptException\n        elif status in ErrorCode.SESSION_NOT_CREATED:\n            exception_class = SessionNotCreatedException\n        elif status in ErrorCode.INVALID_ARGUMENT:\n            exception_class = InvalidArgumentException\n        elif status in ErrorCode.NO_SUCH_COOKIE:\n            exception_class = NoSuchCookieException\n        elif status in ErrorCode.UNABLE_TO_CAPTURE_SCREEN:\n            exception_class = ScreenshotException\n        elif status in ErrorCode.ELEMENT_CLICK_INTERCEPTED:\n            exception_class = ElementClickInterceptedException\n        elif status in ErrorCode.INSECURE_CERTIFICATE:\n            exception_class = InsecureCertificateException\n        elif status in ErrorCode.INVALID_COORDINATES:\n            exception_class = InvalidCoordinatesException\n        elif status in ErrorCode.INVALID_SESSION_ID:\n            exception_class = InvalidSessionIdException\n        elif status in ErrorCode.UNKNOWN_METHOD:\n            exception_class = UnknownMethodException\n        else:\n            exception_class = WebDriverException\n        if not value:\n            value = response['value']\n        if isinstance(value, str):\n            raise exception_class(value)\n        if message == \"\" and 'message' in value:\n            message = value['message']\n    \n        screen = None  # type: ignore[assignment]\n        if 'screen' in value:\n            screen = value['screen']\n    \n        stacktrace = None\n        st_value = value.get('stackTrace') or value.get('stacktrace')\n        if st_value:\n            if isinstance(st_value, str):\n                stacktrace = st_value.split('\\n')\n            else:\n                stacktrace = []\n                try:\n                    for frame in st_value:\n                        line = self._value_or_default(frame, 'lineNumber', '')\n                        file = self._value_or_default(frame, 'fileName', '<anonymous>')\n                        if line:\n                            file = \"%s:%s\" % (file, line)\n                        meth = self._value_or_default(frame, 'methodName', '<anonymous>')\n                        if 'className' in frame:\n                            meth = \"%s.%s\" % (frame['className'], meth)\n                        msg = \"    at %s (%s)\"\n                        msg = msg % (meth, file)\n                        stacktrace.append(msg)\n                except TypeError:\n                    pass\n        if exception_class == UnexpectedAlertPresentException:\n            alert_text = None\n            if 'data' in value:\n                alert_text = value['data'].get('text')\n            elif 'alert' in value:\n                alert_text = value['alert'].get('text')\n            raise exception_class(message, screen, stacktrace, alert_text)  # type: ignore[call-arg]  # mypy is not smart enough here\n>       raise exception_class(message, screen, stacktrace)\nE       selenium.common.exceptions.ElementNotInteractableException: Message: element not interactable: [object HTMLInputElement] has no size and location\nE         (Session info: chrome=97.0.4692.71)\nE       Stacktrace:\nE       Backtrace:\nE       \tOrdinal0 [0x0040FDC3+2555331]\nE       \tOrdinal0 [0x003A77F1+2127857]\nE       \tOrdinal0 [0x002A2E08+1060360]\nE       \tOrdinal0 [0x002A5524+1070372]\nE       \tOrdinal0 [0x002A53EE+1070062]\nE       \tOrdinal0 [0x002A5650+1070672]\nE       \tOrdinal0 [0x002D3DCF+1261007]\nE       \tOrdinal0 [0x002D3486+1258630]\nE       \tOrdinal0 [0x002FE69E+1435294]\nE       \tOrdinal0 [0x002E7B0C+1342220]\nE       \tOrdinal0 [0x002F75FA+1406458]\nE       \tOrdinal0 [0x002E7976+1341814]\nE       \tOrdinal0 [0x002C36B6+1193654]\nE       \tOrdinal0 [0x002C4546+1197382]\nE       \tGetHandleVerifier [0x005A9622+1619522]\nE       \tGetHandleVerifier [0x0065882C+2336844]\nE       \tGetHandleVerifier [0x004A23E1+541697]\nE       \tGetHandleVerifier [0x004A1443+537699]\nE       \tOrdinal0 [0x003AD18E+2150798]\nE       \tOrdinal0 [0x003B1518+2168088]\nE       \tOrdinal0 [0x003B1660+2168416]\nE       \tOrdinal0 [0x003BB330+2208560]\nE       \tBaseThreadInitThunk [0x759FFA29+25]\nE       \tRtlGetAppContainerNamedObjectPath [0x77507A7E+286]\nE       \tRtlGetAppContainerNamedObjectPath [0x77507A4E+238]\n\nC:\\Program Files\\Python38\\lib\\site-packages\\selenium\\webdriver\\remote\\errorhandler.py:247: ElementNotInteractableException"}, "description": "\n        检测包含多条子规则的流程测试\n        :return:\n        ", "steps": [{"name": "填入基本信息", "status": "passed", "start": 1647393891766, "stop": 1647393895711}, {"name": "点击增加子规则按钮", "status": "passed", "start": 1647393895711, "stop": 1647393896042}, {"name": "切换至子规则2", "status": "passed", "start": 1647393896042, "stop": 1647393897115}, {"name": "填写新建子规则的商品内容", "status": "broken", "statusDetails": {"message": "selenium.common.exceptions.ElementNotInteractableException: Message: element not interactable: [object HTMLInputElement] has no size and location\n  (Session info: chrome=97.0.4692.71)\nStacktrace:\nBacktrace:\n\tOrdinal0 [0x0040FDC3+2555331]\n\tOrdinal0 [0x003A77F1+2127857]\n\tOrdinal0 [0x002A2E08+1060360]\n\tOrdinal0 [0x002A5524+1070372]\n\tOrdinal0 [0x002A53EE+1070062]\n\tOrdinal0 [0x002A5650+1070672]\n\tOrdinal0 [0x002D3DCF+1261007]\n\tOrdinal0 [0x002D3486+1258630]\n\tOrdinal0 [0x002FE69E+1435294]\n\tOrdinal0 [0x002E7B0C+1342220]\n\tOrdinal0 [0x002F75FA+1406458]\n\tOrdinal0 [0x002E7976+1341814]\n\tOrdinal0 [0x002C36B6+1193654]\n\tOrdinal0 [0x002C4546+1197382]\n\tGetHandleVerifier [0x005A9622+1619522]\n\tGetHandleVerifier [0x0065882C+2336844]\n\tGetHandleVerifier [0x004A23E1+541697]\n\tGetHandleVerifier [0x004A1443+537699]\n\tOrdinal0 [0x003AD18E+2150798]\n\tOrdinal0 [0x003B1518+2168088]\n\tOrdinal0 [0x003B1660+2168416]\n\tOrdinal0 [0x003BB330+2208560]\n\tBaseThreadInitThunk [0x759FFA29+25]\n\tRtlGetAppContainerNamedObjectPath [0x77507A7E+286]\n\tRtlGetAppContainerNamedObjectPath [0x77507A4E+238]\n\n", "trace": "  File \"F:\\room\\tx\\Suites\\sc\\coupons\\test_addcoupons.py\", line 732, in test_guize6\n    ActionChains(self.driver).move_to_element(element4).click(element4).perform()\n  File \"C:\\Program Files\\Python38\\lib\\site-packages\\selenium\\webdriver\\common\\action_chains.py\", line 75, in perform\n    self.w3c_actions.perform()\n  File \"C:\\Program Files\\Python38\\lib\\site-packages\\selenium\\webdriver\\common\\actions\\action_builder.py\", line 88, in perform\n    self.driver.execute(Command.W3C_ACTIONS, enc)\n  File \"C:\\Program Files\\Python38\\lib\\site-packages\\selenium\\webdriver\\remote\\webdriver.py\", line 425, in execute\n    self.error_handler.check_response(response)\n  File \"C:\\Program Files\\Python38\\lib\\site-packages\\selenium\\webdriver\\remote\\errorhandler.py\", line 247, in check_response\n    raise exception_class(message, screen, stacktrace)\n"}, "start": 1647393897115, "stop": 1647393897192}], "start": 1647393891766, "stop": 1647393897196, "uuid": "d5078d80-8c97-49a8-9e74-748700c663c3", "historyId": "2627fc88eb3060950b47f0be310c370f", "testCaseId": "0c974d8679219ec8deebd45e49d57b14", "fullName": "sc.coupons.test_addcoupons.Test_addcoupons#test_guize6", "labels": [{"name": "epic", "value": "后台商城系统"}, {"name": "feature", "value": "发放规则模块"}, {"name": "severity", "value": "normal"}, {"name": "story", "value": "新增发放规则"}, {"name": "parentSuite", "value": "sc.coupons"}, {"name": "suite", "value": "test_addcoupons"}, {"name": "subSuite", "value": "Test_addcoupons"}, {"name": "host", "value": "WIN-UJCKUL337GH"}, {"name": "thread", "value": "3460-MainThread"}, {"name": "framework", "value": "pytest"}, {"name": "language", "value": "cpython3"}, {"name": "package", "value": "sc.coupons.test_addcoupons"}]}